<?xml version="1.0" ?>
<!DOCTYPE coverage
  SYSTEM 'http://cobertura.sourceforge.net/xml/coverage-03.dtd'>
<coverage branch-rate="0.1489" line-rate="0.2687" timestamp="1576863305428" version="3.6b3">
	<!-- Generated by coverage.py: http://nedbatchelder.com/code/coverage/3.6b3 -->
	<packages>
		<package branch-rate="0" complexity="0" line-rate="1" name="">
			<classes>
				<class branch-rate="0" complexity="0" filename="pymicro/__init__.py" line-rate="1" name="pymicro">
					<methods/>
					<lines>
						<line hits="1" number="7"/>
					</lines>
				</class>
			</classes>
		</package>
		<package branch-rate="0.5" complexity="0" line-rate="1" name="pymicro">
			<classes>
				<class branch-rate="0.5" complexity="0" filename="pymicro/apps/__init__.py" line-rate="1" name="pymicro.apps">
					<methods/>
					<lines>
						<line branch="true" condition-coverage="50% (1/2)" hits="1" number="18"/>
					</lines>
				</class>
				<class branch-rate="0" complexity="0" filename="pymicro/crystal/__init__.py" line-rate="0" name="pymicro.crystal">
					<methods/>
					<lines/>
				</class>
				<class branch-rate="0" complexity="0" filename="pymicro/external/__init__.py" line-rate="0" name="pymicro.external">
					<methods/>
					<lines/>
				</class>
				<class branch-rate="0" complexity="0" filename="pymicro/fe/__init__.py" line-rate="0" name="pymicro.fe">
					<methods/>
					<lines/>
				</class>
				<class branch-rate="0" complexity="0" filename="pymicro/file/__init__.py" line-rate="0" name="pymicro.file">
					<methods/>
					<lines/>
				</class>
				<class branch-rate="0" complexity="0" filename="pymicro/view/__init__.py" line-rate="0" name="pymicro.view">
					<methods/>
					<lines/>
				</class>
				<class branch-rate="0" complexity="0" filename="pymicro/xray/__init__.py" line-rate="0" name="pymicro.xray">
					<methods/>
					<lines/>
				</class>
			</classes>
		</package>
		<package branch-rate="0.3649" complexity="0" line-rate="0.5035" name="pymicro.crystal">
			<classes>
				<class branch-rate="0.5658" complexity="0" filename="pymicro/crystal/lattice.py" line-rate="0.7175" name="pymicro.crystal.lattice">
					<methods/>
					<lines>
						<line hits="1" number="3"/>
						<line hits="1" number="4"/>
						<line hits="1" number="5"/>
						<line hits="1" number="6"/>
						<line hits="1" number="7"/>
						<line hits="1" number="8"/>
						<line hits="1" number="9"/>
						<line hits="1" number="12"/>
						<line hits="1" number="22"/>
						<line hits="0" number="36"/>
						<line branch="true" condition-coverage="0% (0/2)" hits="0" number="37"/>
						<line hits="0" number="39"/>
						<line hits="0" number="40"/>
						<line hits="0" number="41"/>
						<line hits="0" number="42"/>
						<line hits="0" number="44"/>
						<line hits="0" number="45"/>
						<line hits="0" number="46"/>
						<line hits="0" number="47"/>
						<line hits="1" number="50"/>
						<line hits="1" number="54"/>
						<line hits="1" number="55"/>
						<line hits="1" number="56"/>
						<line hits="1" number="57"/>
						<line hits="1" number="58"/>
						<line hits="1" number="59"/>
						<line hits="1" number="60"/>
						<line hits="1" number="62"/>
						<line branch="true" condition-coverage="50% (1/2)" hits="1" number="64"/>
						<line hits="1" number="65"/>
						<line branch="true" condition-coverage="0% (0/2)" hits="0" number="66"/>
						<line hits="0" number="67"/>
						<line branch="true" condition-coverage="0% (0/2)" hits="0" number="68"/>
						<line hits="0" number="69"/>
						<line branch="true" condition-coverage="0% (0/2)" hits="0" number="70"/>
						<line hits="0" number="71"/>
						<line branch="true" condition-coverage="0% (0/2)" hits="0" number="72"/>
						<line hits="0" number="73"/>
						<line branch="true" condition-coverage="0% (0/2)" hits="0" number="74"/>
						<line hits="0" number="75"/>
						<line branch="true" condition-coverage="0% (0/2)" hits="0" number="76"/>
						<line hits="0" number="77"/>
						<line hits="0" number="79"/>
						<line hits="1" number="81"/>
						<line branch="true" condition-coverage="50% (1/2)" hits="1" number="82"/>
						<line hits="1" number="83"/>
						<line branch="true" condition-coverage="0% (0/2)" hits="0" number="84"/>
						<line hits="0" number="85"/>
						<line branch="true" condition-coverage="0% (0/2)" hits="0" number="86"/>
						<line hits="0" number="87"/>
						<line branch="true" condition-coverage="0% (0/2)" hits="0" number="88"/>
						<line hits="0" number="89"/>
						<line branch="true" condition-coverage="0% (0/2)" hits="0" number="90"/>
						<line hits="0" number="91"/>
						<line branch="true" condition-coverage="0% (0/2)" hits="0" number="92"/>
						<line hits="0" number="93"/>
						<line branch="true" condition-coverage="0% (0/2)" hits="0" number="94"/>
						<line hits="0" number="95"/>
						<line hits="0" number="97"/>
						<line hits="1" number="99"/>
						<line branch="true" condition-coverage="100% (2/2)" hits="1" number="108"/>
						<line hits="1" number="109"/>
						<line hits="1" number="110"/>
						<line hits="1" number="111"/>
						<line hits="1" number="112"/>
						<line hits="1" number="113"/>
						<line hits="1" number="114"/>
						<line hits="1" number="115"/>
						<line hits="1" number="116"/>
						<line hits="1" number="117"/>
						<line hits="1" number="118"/>
						<line hits="1" number="119"/>
						<line hits="1" number="120"/>
						<line hits="1" number="121"/>
						<line hits="1" number="122"/>
						<line hits="1" number="123"/>
						<line hits="1" number="124"/>
						<line hits="1" number="125"/>
						<line hits="1" number="126"/>
						<line hits="1" number="127"/>
						<line hits="1" number="128"/>
						<line hits="1" number="129"/>
						<line hits="1" number="130"/>
						<line hits="1" number="131"/>
						<line hits="1" number="132"/>
						<line hits="1" number="133"/>
						<line branch="true" condition-coverage="100% (2/2)" hits="1" number="134"/>
						<line hits="1" number="152"/>
						<line hits="1" number="153"/>
						<line hits="1" number="154"/>
						<line hits="1" number="155"/>
						<line hits="1" number="156"/>
						<line hits="1" number="157"/>
						<line hits="1" number="158"/>
						<line hits="1" number="159"/>
						<line hits="1" number="160"/>
						<line hits="1" number="161"/>
						<line hits="1" number="162"/>
						<line hits="1" number="163"/>
						<line hits="1" number="164"/>
						<line branch="true" condition-coverage="50% (1/2)" hits="1" number="165"/>
						<line hits="0" number="166"/>
						<line hits="0" number="167"/>
						<line hits="0" number="168"/>
						<line hits="0" number="169"/>
						<line hits="0" number="170"/>
						<line branch="true" condition-coverage="100% (2/2)" hits="1" number="171"/>
						<line hits="1" number="172"/>
						<line hits="1" number="173"/>
						<line hits="1" number="174"/>
						<line hits="1" number="175"/>
						<line hits="1" number="176"/>
						<line hits="1" number="177"/>
						<line hits="1" number="178"/>
						<line hits="1" number="179"/>
						<line hits="1" number="180"/>
						<line branch="true" condition-coverage="50% (1/2)" hits="1" number="181"/>
						<line hits="1" number="182"/>
						<line hits="1" number="183"/>
						<line hits="0" number="185"/>
						<line hits="1" number="186"/>
						<line hits="1" number="188"/>
						<line hits="1" number="196"/>
						<line hits="1" number="197"/>
						<line branch="true" condition-coverage="100% (2/2)" hits="1" number="198"/>
						<line hits="1" number="200"/>
						<line branch="true" condition-coverage="50% (1/2)" hits="1" number="201"/>
						<line hits="0" number="202"/>
						<line hits="0" number="203"/>
						<line hits="1" number="211"/>
						<line hits="1" number="212"/>
						<line hits="1" number="213"/>
						<line hits="1" number="214"/>
						<line branch="true" condition-coverage="50% (1/2)" hits="1" number="215"/>
						<line hits="0" number="216"/>
						<line hits="0" number="217"/>
						<line hits="1" number="218"/>
						<line hits="1" number="221"/>
						<line hits="1" number="254"/>
						<line hits="1" number="260"/>
						<line hits="1" number="261"/>
						<line hits="1" number="262"/>
						<line branch="true" condition-coverage="100% (2/2)" hits="1" number="263"/>
						<line hits="1" number="264"/>
						<line hits="1" number="265"/>
						<line hits="1" number="266"/>
						<line hits="1" number="267"/>
						<line hits="1" number="268"/>
						<line hits="1" number="269"/>
						<line hits="1" number="270"/>
						<line hits="1" number="271"/>
						<line hits="1" number="272"/>
						<line hits="1" number="274"/>
						<line branch="true" condition-coverage="100% (2/2)" hits="1" number="279"/>
						<line hits="1" number="280"/>
						<line branch="true" condition-coverage="100% (2/2)" hits="1" number="281"/>
						<line branch="true" condition-coverage="50% (1/2)" hits="1" number="282"/>
						<line hits="0" number="283"/>
						<line branch="true" condition-coverage="50% (1/2)" hits="1" number="284"/>
						<line hits="0" number="285"/>
						<line branch="true" condition-coverage="50% (1/2)" hits="1" number="286"/>
						<line hits="0" number="287"/>
						<line branch="true" condition-coverage="50% (1/2)" hits="1" number="288"/>
						<line hits="0" number="289"/>
						<line hits="1" number="290"/>
						<line hits="1" number="302"/>
						<line hits="1" number="316"/>
						<line hits="1" number="317"/>
						<line hits="1" number="318"/>
						<line hits="1" number="319"/>
						<line hits="1" number="320"/>
						<line hits="1" number="321"/>
						<line hits="1" number="323"/>
						<line hits="1" number="326"/>
						<line hits="1" number="328"/>
						<line hits="1" number="329"/>
						<line hits="1" number="340"/>
						<line hits="1" number="407"/>
						<line hits="0" number="409"/>
						<line hits="0" number="410"/>
						<line hits="0" number="411"/>
						<line hits="1" number="413"/>
						<line branch="true" condition-coverage="50% (1/2)" hits="1" number="416"/>
						<line branch="true" condition-coverage="50% (1/2)" hits="1" number="417"/>
						<line hits="1" number="418"/>
						<line branch="true" condition-coverage="0% (0/2)" hits="0" number="419"/>
						<line hits="0" number="420"/>
						<line hits="0" number="422"/>
						<line branch="true" condition-coverage="0% (0/2)" hits="0" number="423"/>
						<line hits="0" number="424"/>
						<line branch="true" condition-coverage="0% (0/2)" hits="0" number="425"/>
						<line hits="0" number="426"/>
						<line branch="true" condition-coverage="0% (0/2)" hits="0" number="427"/>
						<line hits="0" number="428"/>
						<line hits="0" number="430"/>
						<line hits="1" number="432"/>
						<line hits="1" number="452"/>
						<line hits="1" number="454"/>
						<line hits="1" number="455"/>
						<line hits="1" number="456"/>
						<line hits="1" number="457"/>
						<line hits="1" number="458"/>
						<line hits="1" number="459"/>
						<line hits="1" number="460"/>
						<line hits="1" number="461"/>
						<line hits="1" number="462"/>
						<line hits="1" number="463"/>
						<line hits="1" number="464"/>
						<line hits="1" number="465"/>
						<line hits="1" number="467"/>
						<line hits="1" number="480"/>
						<line hits="1" number="481"/>
						<line hits="1" number="483"/>
						<line hits="1" number="496"/>
						<line hits="1" number="498"/>
						<line hits="0" number="512"/>
						<line hits="1" number="514"/>
						<line hits="1" number="528"/>
						<line hits="1" number="530"/>
						<line hits="1" number="546"/>
						<line hits="1" number="548"/>
						<line hits="1" number="564"/>
						<line hits="1" number="566"/>
						<line hits="1" number="572"/>
						<line hits="1" number="574"/>
						<line hits="0" number="592"/>
						<line hits="1" number="594"/>
						<line hits="0" number="612"/>
						<line hits="1" number="614"/>
						<line hits="0" number="632"/>
						<line hits="1" number="634"/>
						<line hits="1" number="639"/>
						<line hits="1" number="641"/>
						<line hits="0" number="647"/>
						<line hits="1" number="649"/>
						<line hits="0" number="656"/>
						<line hits="1" number="658"/>
						<line hits="0" number="678"/>
						<line hits="1" number="680"/>
						<line hits="0" number="693"/>
						<line hits="1" number="695"/>
						<line hits="1" number="696"/>
						<line hits="1" number="713"/>
						<line hits="1" number="714"/>
						<line hits="1" number="715"/>
						<line branch="true" condition-coverage="100% (2/2)" hits="1" number="716"/>
						<line hits="1" number="717"/>
						<line hits="1" number="718"/>
						<line hits="1" number="719"/>
						<line hits="1" number="720"/>
						<line hits="1" number="721"/>
						<line hits="1" number="723"/>
						<line hits="1" number="724"/>
						<line hits="1" number="725"/>
						<line hits="1" number="726"/>
						<line hits="1" number="727"/>
						<line hits="1" number="728"/>
						<line hits="1" number="730"/>
						<line hits="1" number="732"/>
						<line hits="1" number="733"/>
						<line hits="1" number="735"/>
						<line hits="0" number="747"/>
						<line hits="0" number="748"/>
						<line hits="1" number="751"/>
						<line hits="1" number="759"/>
						<line hits="1" number="763"/>
						<line hits="1" number="764"/>
						<line hits="1" number="771"/>
						<line hits="1" number="772"/>
						<line hits="1" number="774"/>
						<line hits="1" number="775"/>
						<line hits="1" number="777"/>
						<line hits="1" number="778"/>
						<line hits="0" number="781"/>
						<line hits="0" number="782"/>
						<line hits="0" number="783"/>
						<line hits="1" number="785"/>
						<line hits="1" number="786"/>
						<line hits="1" number="796"/>
						<line branch="true" condition-coverage="50% (1/2)" hits="1" number="797"/>
						<line hits="0" number="798"/>
						<line hits="0" number="799"/>
						<line hits="0" number="800"/>
						<line hits="0" number="801"/>
						<line hits="0" number="802"/>
						<line hits="0" number="803"/>
						<line branch="true" condition-coverage="100% (2/2)" hits="1" number="804"/>
						<line hits="1" number="805"/>
						<line hits="1" number="806"/>
						<line hits="1" number="807"/>
						<line hits="1" number="808"/>
						<line hits="1" number="809"/>
						<line hits="1" number="810"/>
						<line hits="1" number="811"/>
						<line hits="1" number="812"/>
						<line hits="1" number="813"/>
						<line hits="1" number="814"/>
						<line hits="1" number="815"/>
						<line hits="1" number="816"/>
						<line branch="true" condition-coverage="50% (1/2)" hits="1" number="817"/>
						<line hits="1" number="818"/>
						<line hits="1" number="819"/>
						<line hits="1" number="820"/>
						<line hits="1" number="821"/>
						<line hits="1" number="822"/>
						<line hits="1" number="823"/>
						<line hits="1" number="824"/>
						<line hits="1" number="825"/>
						<line hits="1" number="826"/>
						<line hits="1" number="827"/>
						<line hits="1" number="828"/>
						<line hits="1" number="829"/>
						<line hits="0" number="831"/>
						<line hits="1" number="832"/>
						<line hits="1" number="835"/>
						<line hits="1" number="836"/>
						<line branch="true" condition-coverage="100% (2/2)" hits="1" number="840"/>
						<line hits="1" number="841"/>
						<line hits="1" number="842"/>
						<line hits="1" number="843"/>
						<line hits="1" number="844"/>
						<line hits="1" number="845"/>
						<line hits="1" number="847"/>
						<line hits="1" number="851"/>
						<line hits="1" number="853"/>
						<line hits="1" number="854"/>
						<line hits="1" number="863"/>
						<line branch="true" condition-coverage="100% (2/2)" hits="1" number="864"/>
						<line hits="1" number="865"/>
						<line hits="1" number="866"/>
						<line hits="1" number="868"/>
						<line hits="1" number="869"/>
						<line hits="1" number="870"/>
						<line branch="true" condition-coverage="100% (2/2)" hits="1" number="871"/>
						<line hits="1" number="872"/>
						<line hits="1" number="873"/>
						<line hits="1" number="874"/>
						<line branch="true" condition-coverage="50% (1/2)" hits="1" number="875"/>
						<line hits="0" number="876"/>
						<line hits="1" number="877"/>
						<line branch="true" condition-coverage="100% (2/2)" hits="1" number="879"/>
						<line hits="1" number="881"/>
						<line branch="true" condition-coverage="50% (1/2)" hits="1" number="882"/>
						<line hits="0" number="883"/>
						<line hits="1" number="884"/>
						<line branch="true" condition-coverage="100% (2/2)" hits="1" number="885"/>
						<line branch="true" condition-coverage="50% (1/2)" hits="1" number="886"/>
						<line branch="true" condition-coverage="0% (0/2)" hits="0" number="887"/>
						<line hits="0" number="888"/>
						<line hits="0" number="889"/>
						<line branch="true" condition-coverage="100% (2/2)" hits="1" number="890"/>
						<line branch="true" condition-coverage="50% (1/2)" hits="1" number="891"/>
						<line hits="0" number="892"/>
						<line hits="1" number="893"/>
						<line hits="1" number="894"/>
						<line branch="true" condition-coverage="100% (2/2)" hits="1" number="896"/>
						<line branch="true" condition-coverage="50% (1/2)" hits="1" number="897"/>
						<line hits="0" number="898"/>
						<line hits="1" number="899"/>
						<line hits="1" number="900"/>
						<line hits="1" number="903"/>
						<line hits="1" number="914"/>
						<line hits="1" number="918"/>
						<line hits="1" number="919"/>
						<line hits="1" number="920"/>
						<line hits="1" number="921"/>
						<line hits="1" number="923"/>
						<line hits="1" number="926"/>
						<line hits="1" number="928"/>
						<line hits="1" number="929"/>
						<line hits="0" number="938"/>
						<line hits="0" number="939"/>
						<line hits="0" number="940"/>
						<line hits="1" number="942"/>
						<line hits="1" number="945"/>
						<line hits="1" number="947"/>
						<line hits="1" number="950"/>
						<line hits="1" number="951"/>
						<line hits="1" number="952"/>
						<line hits="1" number="953"/>
						<line hits="1" number="955"/>
						<line hits="0" number="967"/>
						<line hits="0" number="968"/>
						<line hits="0" number="969"/>
						<line hits="0" number="970"/>
						<line hits="0" number="971"/>
						<line hits="0" number="974"/>
						<line hits="1" number="976"/>
						<line hits="1" number="986"/>
						<line hits="1" number="987"/>
						<line hits="1" number="988"/>
						<line branch="true" condition-coverage="100% (2/2)" hits="1" number="989"/>
						<line branch="true" condition-coverage="100% (2/2)" hits="1" number="990"/>
						<line branch="true" condition-coverage="100% (2/2)" hits="1" number="991"/>
						<line branch="true" condition-coverage="100% (2/2)" hits="1" number="992"/>
						<line hits="1" number="993"/>
						<line branch="true" condition-coverage="100% (2/2)" hits="1" number="994"/>
						<line hits="1" number="995"/>
						<line hits="1" number="996"/>
						<line hits="1" number="999"/>
						<line hits="1" number="1021"/>
						<line branch="true" condition-coverage="50% (1/2)" hits="1" number="1026"/>
						<line hits="1" number="1027"/>
						<line hits="0" number="1029"/>
						<line hits="1" number="1031"/>
						<line hits="1" number="1033"/>
						<line hits="1" number="1035"/>
						<line hits="1" number="1041"/>
						<line hits="1" number="1042"/>
						<line hits="1" number="1044"/>
						<line hits="1" number="1058"/>
						<line hits="1" number="1059"/>
						<line hits="1" number="1061"/>
						<line hits="1" number="1062"/>
						<line hits="1" number="1075"/>
						<line hits="1" number="1077"/>
						<line hits="1" number="1078"/>
						<line hits="1" number="1079"/>
						<line hits="1" number="1081"/>
						<line hits="1" number="1093"/>
						<line hits="1" number="1094"/>
						<line hits="1" number="1095"/>
						<line hits="1" number="1097"/>
						<line hits="1" number="1106"/>
						<line hits="1" number="1108"/>
						<line hits="1" number="1116"/>
						<line hits="1" number="1117"/>
						<line hits="1" number="1118"/>
						<line branch="true" condition-coverage="50% (1/2)" hits="1" number="1119"/>
						<line hits="0" number="1120"/>
						<line hits="0" number="1121"/>
						<line hits="0" number="1122"/>
						<line hits="1" number="1123"/>
						<line hits="1" number="1125"/>
						<line hits="1" number="1129"/>
						<line hits="1" number="1131"/>
						<line hits="0" number="1134"/>
						<line hits="1" number="1136"/>
						<line branch="true" condition-coverage="100% (2/2)" hits="1" number="1145"/>
						<line hits="1" number="1146"/>
						<line hits="1" number="1148"/>
						<line hits="1" number="1150"/>
						<line hits="1" number="1151"/>
						<line hits="0" number="1157"/>
						<line hits="1" number="1160"/>
						<line hits="1" number="1161"/>
						<line branch="true" condition-coverage="50% (1/2)" hits="1" number="1179"/>
						<line hits="0" number="1180"/>
						<line branch="true" condition-coverage="100% (2/2)" hits="1" number="1182"/>
						<line hits="1" number="1183"/>
						<line hits="1" number="1184"/>
						<line hits="1" number="1185"/>
						<line hits="1" number="1186"/>
						<line hits="1" number="1187"/>
						<line hits="1" number="1189"/>
						<line hits="1" number="1190"/>
						<line hits="1" number="1191"/>
						<line branch="true" condition-coverage="100% (2/2)" hits="1" number="1192"/>
						<line hits="1" number="1193"/>
						<line hits="1" number="1194"/>
						<line hits="1" number="1196"/>
						<line branch="true" condition-coverage="100% (2/2)" hits="1" number="1197"/>
						<line branch="true" condition-coverage="100% (2/2)" hits="1" number="1198"/>
						<line hits="1" number="1199"/>
						<line hits="1" number="1200"/>
						<line hits="1" number="1202"/>
						<line hits="1" number="1203"/>
						<line branch="true" condition-coverage="100% (2/2)" hits="1" number="1204"/>
						<line hits="1" number="1205"/>
						<line branch="true" condition-coverage="100% (2/2)" hits="1" number="1206"/>
						<line hits="1" number="1207"/>
						<line branch="true" condition-coverage="100% (2/2)" hits="1" number="1208"/>
						<line hits="1" number="1209"/>
						<line branch="true" condition-coverage="100% (2/2)" hits="1" number="1210"/>
						<line branch="true" condition-coverage="100% (2/2)" hits="1" number="1212"/>
						<line hits="1" number="1213"/>
						<line hits="1" number="1214"/>
						<line branch="true" condition-coverage="100% (2/2)" hits="1" number="1215"/>
						<line hits="1" number="1216"/>
						<line hits="1" number="1396"/>
						<line hits="1" number="1398"/>
						<line hits="1" number="1404"/>
						<line hits="1" number="1406"/>
						<line hits="0" number="1417"/>
						<line hits="0" number="1418"/>
						<line hits="0" number="1419"/>
						<line hits="0" number="1420"/>
						<line hits="0" number="1424"/>
						<line hits="0" number="1425"/>
						<line hits="0" number="1426"/>
						<line hits="0" number="1427"/>
						<line branch="true" condition-coverage="0% (0/2)" hits="0" number="1428"/>
						<line hits="0" number="1429"/>
						<line hits="0" number="1430"/>
						<line hits="0" number="1431"/>
						<line hits="0" number="1432"/>
						<line branch="true" condition-coverage="0% (0/2)" hits="0" number="1433"/>
						<line hits="0" number="1434"/>
						<line hits="0" number="1435"/>
						<line hits="0" number="1436"/>
						<line hits="0" number="1437"/>
						<line hits="0" number="1438"/>
						<line hits="1" number="1440"/>
						<line hits="1" number="1441"/>
						<line hits="0" number="1460"/>
						<line hits="0" number="1461"/>
						<line hits="0" number="1462"/>
						<line branch="true" condition-coverage="0% (0/2)" hits="0" number="1463"/>
						<line hits="0" number="1464"/>
						<line hits="0" number="1465"/>
						<line hits="0" number="1466"/>
						<line hits="0" number="1467"/>
						<line hits="0" number="1468"/>
						<line hits="0" number="1469"/>
						<line hits="0" number="1470"/>
						<line hits="0" number="1471"/>
						<line hits="0" number="1472"/>
						<line hits="0" number="1473"/>
						<line branch="true" condition-coverage="0% (0/2)" hits="0" number="1474"/>
						<line hits="0" number="1475"/>
						<line hits="0" number="1476"/>
						<line hits="0" number="1477"/>
						<line hits="1" number="1479"/>
						<line hits="1" number="1480"/>
						<line hits="0" number="1483"/>
						<line hits="1" number="1487"/>
						<line hits="1" number="1488"/>
						<line hits="0" number="1491"/>
						<line hits="1" number="1495"/>
						<line hits="1" number="1496"/>
						<line hits="0" number="1499"/>
						<line hits="1" number="1503"/>
						<line hits="0" number="1519"/>
						<line hits="0" number="1520"/>
						<line hits="0" number="1521"/>
						<line hits="0" number="1522"/>
						<line hits="0" number="1523"/>
						<line hits="0" number="1524"/>
					</lines>
				</class>
				<class branch-rate="0.2174" complexity="0" filename="pymicro/crystal/microstructure.py" line-rate="0.3758" name="pymicro.crystal.microstructure">
					<methods/>
					<lines>
						<line hits="1" number="14"/>
						<line hits="1" number="15"/>
						<line hits="1" number="16"/>
						<line hits="1" number="17"/>
						<line hits="1" number="18"/>
						<line hits="1" number="19"/>
						<line hits="1" number="20"/>
						<line hits="1" number="23"/>
						<line hits="1" number="45"/>
						<line hits="1" number="47"/>
						<line hits="1" number="48"/>
						<line hits="1" number="49"/>
						<line hits="1" number="50"/>
						<line hits="1" number="52"/>
						<line hits="1" number="54"/>
						<line hits="1" number="64"/>
						<line hits="1" number="68"/>
						<line hits="1" number="70"/>
						<line hits="0" number="74"/>
						<line hits="1" number="76"/>
						<line hits="1" number="80"/>
						<line hits="1" number="82"/>
						<line hits="1" number="86"/>
						<line hits="1" number="88"/>
						<line hits="0" number="92"/>
						<line hits="1" number="94"/>
						<line hits="0" number="98"/>
						<line hits="1" number="100"/>
						<line hits="1" number="114"/>
						<line branch="true" condition-coverage="50% (1/2)" hits="1" number="116"/>
						<line hits="1" number="117"/>
						<line hits="1" number="118"/>
						<line branch="true" condition-coverage="50% (1/2)" hits="1" number="119"/>
						<line hits="0" number="120"/>
						<line hits="1" number="121"/>
						<line hits="1" number="122"/>
						<line hits="1" number="123"/>
						<line branch="true" condition-coverage="33% (1/3)" hits="1" number="124"/>
						<line hits="1" number="127"/>
						<line hits="1" number="128"/>
						<line hits="1" number="130"/>
						<line hits="0" number="136"/>
						<line branch="true" condition-coverage="0% (0/2)" hits="0" number="137"/>
						<line hits="0" number="138"/>
						<line hits="0" number="142"/>
						<line branch="true" condition-coverage="0% (0/2)" hits="0" number="143"/>
						<line hits="0" number="144"/>
						<line hits="0" number="146"/>
						<line hits="1" number="153"/>
						<line hits="1" number="160"/>
						<line branch="true" condition-coverage="50% (1/2)" hits="1" number="161"/>
						<line hits="1" number="162"/>
						<line hits="1" number="164"/>
						<line hits="0" number="166"/>
						<line hits="1" number="167"/>
						<line hits="1" number="169"/>
						<line hits="1" number="177"/>
						<line hits="1" number="178"/>
						<line hits="1" number="180"/>
						<line hits="0" number="189"/>
						<line hits="0" number="190"/>
						<line branch="true" condition-coverage="0% (0/2)" hits="0" number="191"/>
						<line hits="0" number="192"/>
						<line branch="true" condition-coverage="0% (0/2)" hits="0" number="193"/>
						<line hits="0" number="194"/>
						<line branch="true" condition-coverage="0% (0/2)" hits="0" number="195"/>
						<line hits="0" number="196"/>
						<line branch="true" condition-coverage="0% (0/2)" hits="0" number="197"/>
						<line hits="0" number="198"/>
						<line hits="0" number="199"/>
						<line hits="0" number="200"/>
						<line hits="0" number="206"/>
						<line hits="0" number="207"/>
						<line hits="1" number="209"/>
						<line hits="1" number="216"/>
						<line hits="1" number="217"/>
						<line hits="1" number="219"/>
						<line hits="1" number="221"/>
						<line hits="0" number="228"/>
						<line hits="0" number="229"/>
						<line hits="1" number="231"/>
						<line hits="1" number="250"/>
						<line branch="true" condition-coverage="50% (1/2)" hits="1" number="252"/>
						<line hits="0" number="253"/>
						<line hits="0" number="254"/>
						<line hits="1" number="255"/>
						<line hits="1" number="256"/>
						<line hits="1" number="258"/>
						<line hits="1" number="275"/>
						<line hits="1" number="276"/>
						<line hits="1" number="277"/>
						<line branch="true" condition-coverage="100% (2/2)" hits="1" number="278"/>
						<line branch="true" condition-coverage="100% (2/2)" hits="1" number="279"/>
						<line hits="1" number="280"/>
						<line hits="1" number="281"/>
						<line branch="true" condition-coverage="100% (2/2)" hits="1" number="282"/>
						<line hits="1" number="283"/>
						<line hits="1" number="284"/>
						<line hits="1" number="285"/>
						<line hits="1" number="286"/>
						<line branch="true" condition-coverage="100% (2/2)" hits="1" number="287"/>
						<line hits="1" number="289"/>
						<line hits="1" number="292"/>
						<line hits="1" number="293"/>
						<line hits="1" number="294"/>
						<line hits="1" number="295"/>
						<line hits="1" number="297"/>
						<line hits="1" number="299"/>
						<line hits="1" number="301"/>
						<line hits="1" number="303"/>
						<line hits="1" number="305"/>
						<line hits="1" number="307"/>
						<line hits="1" number="309"/>
						<line hits="1" number="332"/>
						<line hits="1" number="333"/>
						<line hits="1" number="334"/>
						<line hits="1" number="335"/>
						<line hits="1" number="336"/>
						<line hits="1" number="337"/>
						<line hits="1" number="338"/>
						<line hits="1" number="339"/>
						<line branch="true" condition-coverage="50% (1/2)" hits="1" number="340"/>
						<line hits="1" number="341"/>
						<line hits="1" number="342"/>
						<line hits="1" number="343"/>
						<line hits="1" number="344"/>
						<line hits="1" number="345"/>
						<line hits="1" number="347"/>
						<line hits="1" number="348"/>
						<line hits="1" number="360"/>
						<line branch="true" condition-coverage="50% (1/2)" hits="1" number="361"/>
						<line hits="0" number="362"/>
						<line branch="true" condition-coverage="50% (1/2)" hits="1" number="363"/>
						<line hits="0" number="364"/>
						<line hits="1" number="365"/>
						<line hits="1" number="366"/>
						<line hits="1" number="367"/>
						<line hits="1" number="369"/>
						<line hits="1" number="403"/>
						<line hits="1" number="404"/>
						<line hits="1" number="405"/>
						<line hits="1" number="406"/>
						<line hits="1" number="407"/>
						<line hits="1" number="408"/>
						<line hits="1" number="409"/>
						<line hits="1" number="412"/>
						<line hits="1" number="413"/>
						<line branch="true" condition-coverage="50% (1/2)" hits="1" number="414"/>
						<line hits="0" number="415"/>
						<line hits="1" number="416"/>
						<line hits="1" number="418"/>
						<line hits="0" number="419"/>
						<line hits="0" number="420"/>
						<line hits="0" number="421"/>
						<line hits="0" number="422"/>
						<line hits="0" number="423"/>
						<line hits="0" number="424"/>
						<line hits="0" number="425"/>
						<line hits="0" number="426"/>
						<line hits="0" number="427"/>
						<line hits="0" number="428"/>
						<line hits="0" number="429"/>
						<line hits="0" number="430"/>
						<line hits="0" number="431"/>
						<line hits="0" number="432"/>
						<line branch="true" condition-coverage="0% (0/2)" hits="0" number="433"/>
						<line hits="0" number="434"/>
						<line hits="0" number="436"/>
						<line hits="0" number="437"/>
						<line hits="0" number="439"/>
						<line hits="0" number="440"/>
						<line hits="0" number="441"/>
						<line hits="0" number="442"/>
						<line hits="0" number="443"/>
						<line hits="0" number="444"/>
						<line hits="0" number="445"/>
						<line hits="0" number="446"/>
						<line hits="0" number="447"/>
						<line hits="0" number="448"/>
						<line hits="0" number="449"/>
						<line hits="0" number="450"/>
						<line hits="0" number="451"/>
						<line hits="0" number="452"/>
						<line hits="0" number="453"/>
						<line hits="0" number="454"/>
						<line hits="0" number="455"/>
						<line hits="0" number="456"/>
						<line hits="0" number="457"/>
						<line hits="0" number="460"/>
						<line hits="0" number="463"/>
						<line hits="0" number="464"/>
						<line hits="0" number="465"/>
						<line hits="0" number="466"/>
						<line hits="0" number="467"/>
						<line hits="0" number="468"/>
						<line hits="0" number="469"/>
						<line hits="0" number="471"/>
						<line hits="0" number="472"/>
						<line hits="0" number="475"/>
						<line hits="0" number="476"/>
						<line hits="0" number="477"/>
						<line hits="0" number="479"/>
						<line hits="0" number="481"/>
						<line hits="0" number="482"/>
						<line hits="0" number="483"/>
						<line hits="0" number="484"/>
						<line hits="0" number="486"/>
						<line hits="0" number="487"/>
						<line hits="0" number="488"/>
						<line hits="0" number="490"/>
						<line hits="0" number="491"/>
						<line hits="0" number="492"/>
						<line hits="0" number="493"/>
						<line hits="0" number="494"/>
						<line hits="0" number="495"/>
						<line hits="0" number="496"/>
						<line hits="0" number="497"/>
						<line hits="0" number="499"/>
						<line hits="0" number="500"/>
						<line hits="0" number="501"/>
						<line hits="0" number="502"/>
						<line hits="0" number="503"/>
						<line branch="true" condition-coverage="0% (0/2)" hits="0" number="504"/>
						<line hits="0" number="505"/>
						<line hits="0" number="507"/>
						<line hits="1" number="509"/>
						<line hits="1" number="516"/>
						<line hits="1" number="517"/>
						<line hits="1" number="518"/>
						<line hits="1" number="520"/>
						<line hits="1" number="521"/>
						<line branch="true" condition-coverage="50% (1/2)" hits="1" number="522"/>
						<line hits="0" number="523"/>
						<line hits="0" number="524"/>
						<line hits="1" number="525"/>
						<line hits="1" number="527"/>
						<line hits="0" number="531"/>
						<line hits="0" number="532"/>
						<line hits="0" number="533"/>
						<line hits="0" number="534"/>
						<line hits="0" number="535"/>
						<line hits="0" number="536"/>
						<line hits="0" number="537"/>
						<line hits="0" number="538"/>
						<line hits="0" number="539"/>
						<line hits="0" number="540"/>
						<line hits="0" number="541"/>
						<line hits="0" number="542"/>
						<line hits="0" number="543"/>
						<line hits="0" number="544"/>
						<line hits="0" number="545"/>
						<line hits="1" number="547"/>
						<line hits="0" number="549"/>
						<line hits="0" number="550"/>
						<line hits="0" number="551"/>
						<line hits="0" number="552"/>
						<line hits="0" number="553"/>
						<line hits="0" number="554"/>
						<line hits="0" number="555"/>
						<line hits="0" number="556"/>
						<line hits="1" number="558"/>
						<line hits="1" number="559"/>
						<line branch="true" condition-coverage="50% (1/2)" hits="1" number="567"/>
						<line hits="0" number="568"/>
						<line hits="1" number="570"/>
						<line hits="1" number="571"/>
						<line hits="1" number="572"/>
						<line hits="1" number="573"/>
						<line hits="1" number="575"/>
						<line hits="1" number="577"/>
						<line hits="1" number="578"/>
						<line hits="1" number="579"/>
						<line hits="1" number="581"/>
						<line hits="1" number="599"/>
						<line hits="1" number="600"/>
						<line hits="1" number="601"/>
						<line hits="1" number="602"/>
						<line hits="1" number="603"/>
						<line hits="1" number="604"/>
						<line hits="1" number="605"/>
						<line hits="1" number="608"/>
						<line hits="1" number="609"/>
						<line hits="1" number="610"/>
						<line hits="1" number="611"/>
						<line hits="1" number="612"/>
						<line hits="1" number="613"/>
						<line hits="1" number="614"/>
						<line hits="1" number="615"/>
						<line hits="1" number="616"/>
						<line hits="1" number="617"/>
						<line hits="1" number="618"/>
						<line hits="1" number="620"/>
						<line hits="1" number="621"/>
						<line branch="true" condition-coverage="0% (0/2)" hits="0" number="629"/>
						<line hits="0" number="630"/>
						<line branch="true" condition-coverage="0% (0/2)" hits="0" number="631"/>
						<line hits="0" number="632"/>
						<line branch="true" condition-coverage="0% (0/2)" hits="0" number="633"/>
						<line hits="0" number="634"/>
						<line branch="true" condition-coverage="0% (0/2)" hits="0" number="636"/>
						<line hits="0" number="637"/>
						<line branch="true" condition-coverage="0% (0/2)" hits="0" number="638"/>
						<line hits="0" number="639"/>
						<line branch="true" condition-coverage="0% (0/2)" hits="0" number="640"/>
						<line hits="0" number="641"/>
						<line hits="0" number="643"/>
						<line hits="0" number="644"/>
						<line hits="0" number="645"/>
						<line hits="0" number="647"/>
						<line hits="0" number="648"/>
						<line hits="1" number="650"/>
						<line hits="1" number="656"/>
						<line hits="1" number="657"/>
						<line hits="1" number="659"/>
						<line hits="1" number="660"/>
						<line hits="1" number="661"/>
						<line hits="1" number="662"/>
						<line hits="1" number="663"/>
						<line hits="1" number="664"/>
						<line hits="1" number="665"/>
						<line hits="1" number="666"/>
						<line hits="1" number="667"/>
						<line hits="1" number="668"/>
						<line branch="true" condition-coverage="50% (1/2)" hits="1" number="669"/>
						<line hits="0" number="670"/>
						<line hits="0" number="671"/>
						<line branch="true" condition-coverage="0% (0/2)" hits="0" number="672"/>
						<line hits="0" number="673"/>
						<line hits="1" number="675"/>
						<line hits="1" number="676"/>
						<line branch="true" condition-coverage="50% (1/2)" hits="1" number="677"/>
						<line hits="0" number="678"/>
						<line branch="true" condition-coverage="50% (1/2)" hits="1" number="679"/>
						<line hits="0" number="680"/>
						<line branch="true" condition-coverage="50% (1/2)" hits="1" number="681"/>
						<line hits="0" number="682"/>
						<line branch="true" condition-coverage="50% (1/2)" hits="1" number="683"/>
						<line hits="0" number="684"/>
						<line hits="1" number="685"/>
						<line hits="1" number="686"/>
						<line branch="true" condition-coverage="50% (1/2)" hits="1" number="687"/>
						<line hits="1" number="688"/>
						<line branch="true" condition-coverage="50% (1/2)" hits="1" number="689"/>
						<line hits="1" number="690"/>
						<line hits="1" number="691"/>
						<line hits="1" number="693"/>
						<line hits="1" number="707"/>
						<line hits="1" number="708"/>
						<line branch="true" condition-coverage="100% (2/2)" hits="1" number="710"/>
						<line branch="true" condition-coverage="50% (1/2)" hits="1" number="711"/>
						<line hits="1" number="712"/>
						<line hits="0" number="714"/>
						<line hits="0" number="715"/>
						<line hits="1" number="717"/>
						<line hits="1" number="718"/>
						<line hits="1" number="719"/>
						<line hits="1" number="720"/>
						<line branch="true" condition-coverage="100% (2/2)" hits="1" number="722"/>
						<line hits="1" number="723"/>
						<line branch="true" condition-coverage="50% (1/2)" hits="1" number="724"/>
						<line hits="0" number="725"/>
						<line branch="true" condition-coverage="100% (2/2)" hits="1" number="726"/>
						<line hits="1" number="727"/>
						<line hits="1" number="728"/>
						<line hits="1" number="730"/>
						<line hits="1" number="738"/>
						<line branch="true" condition-coverage="50% (1/2)" hits="1" number="739"/>
						<line hits="0" number="740"/>
						<line hits="0" number="741"/>
						<line hits="1" number="743"/>
						<line hits="1" number="744"/>
						<line hits="1" number="745"/>
						<line hits="1" number="746"/>
						<line hits="1" number="748"/>
						<line hits="1" number="756"/>
						<line hits="1" number="757"/>
						<line branch="true" condition-coverage="50% (1/2)" hits="1" number="758"/>
						<line hits="0" number="759"/>
						<line hits="1" number="761"/>
						<line hits="1" number="762"/>
						<line hits="1" number="763"/>
						<line hits="1" number="764"/>
						<line hits="1" number="766"/>
						<line hits="0" number="774"/>
						<line hits="0" number="775"/>
						<line hits="0" number="776"/>
						<line hits="0" number="777"/>
						<line hits="1" number="779"/>
						<line hits="0" number="788"/>
						<line hits="0" number="789"/>
						<line hits="0" number="790"/>
						<line hits="0" number="791"/>
						<line hits="0" number="797"/>
						<line hits="1" number="799"/>
						<line hits="0" number="807"/>
						<line hits="0" number="808"/>
						<line hits="0" number="809"/>
						<line hits="0" number="810"/>
						<line hits="0" number="811"/>
						<line hits="0" number="812"/>
						<line branch="true" condition-coverage="0% (0/2)" hits="0" number="813"/>
						<line hits="0" number="814"/>
						<line hits="0" number="815"/>
						<line hits="0" number="817"/>
						<line hits="0" number="818"/>
						<line hits="0" number="819"/>
						<line hits="1" number="821"/>
						<line hits="0" number="826"/>
						<line hits="0" number="827"/>
						<line hits="0" number="828"/>
						<line hits="0" number="829"/>
						<line hits="0" number="830"/>
						<line hits="0" number="831"/>
						<line hits="1" number="833"/>
						<line hits="0" number="838"/>
						<line hits="0" number="839"/>
						<line hits="0" number="840"/>
						<line hits="0" number="841"/>
						<line hits="0" number="842"/>
						<line hits="0" number="843"/>
						<line hits="0" number="844"/>
						<line hits="1" number="846"/>
						<line hits="0" number="854"/>
						<line hits="1" number="856"/>
						<line hits="1" number="857"/>
						<line hits="0" number="871"/>
						<line hits="0" number="872"/>
						<line hits="0" number="873"/>
						<line branch="true" condition-coverage="0% (0/2)" hits="0" number="874"/>
						<line hits="0" number="875"/>
						<line branch="true" condition-coverage="0% (0/2)" hits="0" number="876"/>
						<line hits="0" number="877"/>
						<line branch="true" condition-coverage="0% (0/2)" hits="0" number="878"/>
						<line hits="0" number="879"/>
						<line hits="0" number="880"/>
						<line hits="1" number="882"/>
						<line hits="0" number="903"/>
						<line hits="0" number="904"/>
						<line branch="true" condition-coverage="0% (0/2)" hits="0" number="905"/>
						<line branch="true" condition-coverage="0% (0/2)" hits="0" number="906"/>
						<line hits="0" number="907"/>
						<line hits="0" number="908"/>
						<line branch="true" condition-coverage="0% (0/2)" hits="0" number="909"/>
						<line branch="true" condition-coverage="0% (0/2)" hits="0" number="911"/>
						<line hits="0" number="912"/>
						<line branch="true" condition-coverage="0% (0/2)" hits="0" number="913"/>
						<line hits="0" number="914"/>
						<line hits="0" number="915"/>
						<line branch="true" condition-coverage="0% (0/2)" hits="0" number="916"/>
						<line hits="0" number="917"/>
						<line hits="0" number="918"/>
						<line hits="0" number="919"/>
						<line branch="true" condition-coverage="0% (0/2)" hits="0" number="920"/>
						<line hits="0" number="921"/>
						<line hits="0" number="922"/>
						<line hits="0" number="923"/>
						<line hits="0" number="924"/>
						<line hits="0" number="925"/>
						<line hits="0" number="926"/>
						<line hits="0" number="927"/>
						<line hits="0" number="928"/>
						<line hits="0" number="929"/>
						<line hits="0" number="931"/>
						<line hits="0" number="932"/>
						<line hits="0" number="933"/>
						<line hits="0" number="934"/>
						<line hits="0" number="935"/>
						<line hits="0" number="936"/>
						<line hits="1" number="938"/>
						<line hits="0" number="948"/>
						<line hits="0" number="949"/>
						<line hits="0" number="950"/>
						<line hits="0" number="951"/>
						<line hits="0" number="952"/>
						<line hits="0" number="953"/>
						<line hits="1" number="955"/>
						<line hits="0" number="965"/>
						<line hits="0" number="966"/>
						<line hits="0" number="967"/>
						<line hits="0" number="968"/>
						<line hits="0" number="969"/>
						<line hits="0" number="970"/>
						<line hits="0" number="971"/>
						<line hits="1" number="973"/>
						<line hits="0" number="983"/>
						<line hits="0" number="984"/>
						<line hits="0" number="985"/>
						<line hits="0" number="986"/>
						<line hits="0" number="987"/>
						<line hits="0" number="988"/>
						<line hits="0" number="989"/>
						<line hits="1" number="991"/>
						<line hits="1" number="999"/>
						<line hits="1" number="1000"/>
						<line hits="1" number="1001"/>
						<line hits="1" number="1002"/>
						<line hits="1" number="1003"/>
						<line hits="1" number="1004"/>
						<line hits="1" number="1005"/>
						<line hits="1" number="1007"/>
						<line hits="1" number="1016"/>
						<line branch="true" condition-coverage="100% (2/2)" hits="1" number="1017"/>
						<line hits="1" number="1018"/>
						<line branch="true" condition-coverage="50% (1/2)" hits="1" number="1019"/>
						<line hits="1" number="1020"/>
						<line hits="1" number="1021"/>
						<line hits="1" number="1022"/>
						<line hits="1" number="1025"/>
						<line hits="1" number="1035"/>
						<line hits="1" number="1036"/>
						<line hits="1" number="1037"/>
						<line hits="1" number="1038"/>
						<line hits="1" number="1039"/>
						<line hits="1" number="1040"/>
						<line hits="1" number="1050"/>
						<line hits="0" number="1063"/>
						<line hits="0" number="1064"/>
						<line hits="0" number="1065"/>
						<line hits="0" number="1066"/>
						<line hits="0" number="1067"/>
						<line hits="0" number="1068"/>
						<line hits="0" number="1069"/>
						<line hits="1" number="1071"/>
						<line hits="0" number="1078"/>
						<line hits="1" number="1080"/>
						<line hits="0" number="1092"/>
						<line hits="0" number="1094"/>
						<line hits="0" number="1095"/>
						<line hits="0" number="1096"/>
						<line hits="0" number="1097"/>
						<line hits="0" number="1098"/>
						<line hits="0" number="1099"/>
						<line hits="0" number="1100"/>
						<line hits="0" number="1101"/>
						<line hits="0" number="1102"/>
						<line branch="true" condition-coverage="0% (0/2)" hits="0" number="1103"/>
						<line hits="0" number="1104"/>
						<line hits="0" number="1106"/>
						<line branch="true" condition-coverage="0% (0/2)" hits="0" number="1107"/>
						<line hits="0" number="1108"/>
						<line hits="0" number="1109"/>
						<line hits="0" number="1111"/>
						<line branch="true" condition-coverage="0% (0/2)" hits="0" number="1112"/>
						<line hits="0" number="1113"/>
						<line hits="0" number="1115"/>
						<line hits="0" number="1116"/>
						<line hits="0" number="1117"/>
						<line branch="true" condition-coverage="0% (0/2)" hits="0" number="1118"/>
						<line hits="0" number="1119"/>
						<line hits="0" number="1120"/>
						<line hits="0" number="1122"/>
						<line hits="0" number="1123"/>
						<line hits="0" number="1125"/>
						<line hits="0" number="1126"/>
						<line branch="true" condition-coverage="0% (0/2)" hits="0" number="1128"/>
						<line hits="0" number="1129"/>
						<line hits="0" number="1131"/>
						<line hits="0" number="1132"/>
						<line branch="true" condition-coverage="0% (0/2)" hits="0" number="1133"/>
						<line hits="0" number="1134"/>
						<line hits="0" number="1135"/>
						<line hits="0" number="1136"/>
						<line hits="1" number="1138"/>
						<line hits="0" number="1142"/>
						<line hits="0" number="1143"/>
						<line hits="0" number="1144"/>
						<line hits="0" number="1145"/>
						<line hits="0" number="1146"/>
						<line hits="0" number="1147"/>
						<line hits="0" number="1148"/>
						<line hits="0" number="1149"/>
						<line hits="0" number="1150"/>
						<line hits="0" number="1151"/>
						<line hits="0" number="1152"/>
						<line hits="0" number="1153"/>
						<line hits="0" number="1154"/>
						<line hits="0" number="1155"/>
						<line hits="0" number="1156"/>
						<line hits="0" number="1157"/>
						<line hits="0" number="1158"/>
						<line hits="0" number="1159"/>
						<line hits="0" number="1160"/>
						<line hits="0" number="1161"/>
						<line hits="0" number="1162"/>
						<line branch="true" condition-coverage="0% (0/2)" hits="0" number="1163"/>
						<line hits="0" number="1164"/>
						<line hits="0" number="1165"/>
						<line hits="0" number="1166"/>
						<line hits="0" number="1167"/>
						<line hits="0" number="1168"/>
						<line hits="1" number="1170"/>
						<line hits="1" number="1171"/>
						<line hits="0" number="1172"/>
						<line hits="0" number="1173"/>
						<line hits="0" number="1174"/>
						<line hits="0" number="1175"/>
						<line hits="0" number="1176"/>
						<line hits="0" number="1177"/>
						<line hits="0" number="1178"/>
						<line hits="0" number="1179"/>
						<line hits="0" number="1180"/>
						<line hits="0" number="1181"/>
						<line hits="0" number="1182"/>
						<line hits="0" number="1183"/>
						<line branch="true" condition-coverage="0% (0/2)" hits="0" number="1184"/>
						<line hits="0" number="1185"/>
						<line hits="0" number="1186"/>
						<line hits="0" number="1187"/>
						<line hits="1" number="1189"/>
						<line hits="0" number="1190"/>
						<line hits="1" number="1192"/>
						<line hits="0" number="1193"/>
						<line branch="true" condition-coverage="0% (0/2)" hits="0" number="1194"/>
						<line hits="0" number="1195"/>
						<line hits="0" number="1196"/>
						<line hits="0" number="1197"/>
						<line hits="0" number="1198"/>
						<line hits="0" number="1199"/>
						<line hits="0" number="1200"/>
						<line hits="1" number="1202"/>
						<line hits="0" number="1203"/>
						<line branch="true" condition-coverage="0% (0/2)" hits="0" number="1204"/>
						<line hits="0" number="1205"/>
						<line hits="0" number="1206"/>
						<line hits="0" number="1207"/>
						<line hits="0" number="1208"/>
						<line hits="0" number="1209"/>
						<line hits="1" number="1211"/>
						<line hits="0" number="1213"/>
						<line hits="1" number="1215"/>
						<line hits="0" number="1229"/>
						<line hits="1" number="1232"/>
						<line hits="1" number="1239"/>
						<line hits="1" number="1240"/>
						<line hits="1" number="1241"/>
						<line hits="1" number="1242"/>
						<line hits="1" number="1244"/>
						<line hits="1" number="1245"/>
						<line hits="0" number="1252"/>
						<line hits="0" number="1253"/>
						<line hits="0" number="1254"/>
						<line branch="true" condition-coverage="0% (0/2)" hits="0" number="1255"/>
						<line hits="0" number="1256"/>
						<line hits="0" number="1257"/>
						<line hits="0" number="1258"/>
						<line hits="0" number="1259"/>
						<line hits="0" number="1260"/>
						<line hits="1" number="1262"/>
						<line hits="1" number="1263"/>
						<line hits="0" number="1269"/>
						<line hits="0" number="1270"/>
						<line branch="true" condition-coverage="0% (0/2)" hits="0" number="1271"/>
						<line hits="0" number="1272"/>
						<line hits="0" number="1273"/>
						<line hits="1" number="1275"/>
						<line hits="0" number="1280"/>
						<line hits="0" number="1281"/>
						<line branch="true" condition-coverage="0% (0/2)" hits="0" number="1282"/>
						<line hits="0" number="1283"/>
						<line hits="0" number="1284"/>
						<line hits="1" number="1286"/>
						<line hits="1" number="1287"/>
						<line branch="true" condition-coverage="0% (0/2)" hits="0" number="1293"/>
						<line hits="0" number="1294"/>
						<line hits="0" number="1295"/>
						<line hits="0" number="1296"/>
						<line hits="0" number="1297"/>
						<line hits="0" number="1298"/>
						<line hits="0" number="1299"/>
						<line hits="0" number="1300"/>
						<line branch="true" condition-coverage="0% (0/2)" hits="0" number="1301"/>
						<line branch="true" condition-coverage="0% (0/2)" hits="0" number="1302"/>
						<line branch="true" condition-coverage="0% (0/2)" hits="0" number="1303"/>
						<line hits="0" number="1304"/>
						<line hits="0" number="1305"/>
						<line hits="0" number="1306"/>
						<line hits="1" number="1308"/>
						<line branch="true" condition-coverage="0% (0/2)" hits="0" number="1323"/>
						<line branch="true" condition-coverage="0% (0/2)" hits="0" number="1324"/>
						<line hits="0" number="1325"/>
						<line hits="0" number="1326"/>
						<line hits="1" number="1336"/>
						<line hits="0" number="1337"/>
						<line hits="1" number="1339"/>
						<line hits="0" number="1347"/>
						<line branch="true" condition-coverage="0% (0/2)" hits="0" number="1348"/>
						<line hits="0" number="1349"/>
						<line hits="0" number="1350"/>
						<line hits="0" number="1353"/>
						<line hits="1" number="1355"/>
						<line hits="1" number="1357"/>
						<line hits="1" number="1358"/>
						<line hits="1" number="1359"/>
						<line hits="1" number="1360"/>
						<line hits="1" number="1361"/>
						<line hits="1" number="1362"/>
						<line hits="1" number="1363"/>
						<line hits="1" number="1365"/>
						<line hits="1" number="1366"/>
						<line hits="1" number="1368"/>
						<line hits="1" number="1369"/>
						<line hits="1" number="1371"/>
						<line hits="1" number="1372"/>
						<line hits="1" number="1373"/>
						<line hits="1" number="1374"/>
						<line hits="1" number="1375"/>
						<line hits="1" number="1376"/>
						<line hits="1" number="1377"/>
						<line hits="1" number="1378"/>
						<line hits="1" number="1379"/>
						<line hits="1" number="1380"/>
						<line hits="1" number="1381"/>
						<line hits="1" number="1382"/>
						<line hits="1" number="1383"/>
						<line hits="1" number="1384"/>
						<line hits="1" number="1385"/>
						<line hits="1" number="1387"/>
						<line hits="1" number="1388"/>
						<line hits="1" number="1389"/>
						<line hits="1" number="1390"/>
						<line hits="1" number="1392"/>
						<line hits="1" number="1393"/>
						<line hits="1" number="1394"/>
						<line hits="1" number="1395"/>
						<line hits="1" number="1396"/>
						<line hits="1" number="1398"/>
						<line hits="1" number="1399"/>
						<line hits="1" number="1400"/>
						<line hits="1" number="1402"/>
						<line hits="1" number="1403"/>
						<line hits="1" number="1405"/>
						<line hits="1" number="1406"/>
						<line hits="1" number="1419"/>
						<line hits="1" number="1420"/>
						<line hits="1" number="1421"/>
						<line hits="1" number="1422"/>
						<line branch="true" condition-coverage="50% (1/2)" hits="1" number="1423"/>
						<line hits="0" number="1424"/>
						<line hits="0" number="1425"/>
						<line branch="true" condition-coverage="0% (0/2)" hits="0" number="1426"/>
						<line hits="0" number="1427"/>
						<line branch="true" condition-coverage="100% (2/2)" hits="1" number="1428"/>
						<line branch="true" condition-coverage="50% (1/2)" hits="1" number="1429"/>
						<line hits="0" number="1431"/>
						<line hits="0" number="1432"/>
						<line branch="true" condition-coverage="50% (1/2)" hits="1" number="1433"/>
						<line hits="1" number="1434"/>
						<line branch="true" condition-coverage="0% (0/2)" hits="0" number="1435"/>
						<line hits="0" number="1436"/>
						<line branch="true" condition-coverage="50% (1/2)" hits="1" number="1437"/>
						<line hits="0" number="1438"/>
						<line hits="1" number="1439"/>
						<line hits="1" number="1440"/>
						<line hits="1" number="1442"/>
						<line hits="1" number="1443"/>
						<line hits="0" number="1455"/>
						<line hits="0" number="1456"/>
						<line hits="0" number="1457"/>
						<line hits="0" number="1458"/>
						<line hits="0" number="1459"/>
						<line hits="0" number="1461"/>
						<line branch="true" condition-coverage="0% (0/2)" hits="0" number="1462"/>
						<line hits="0" number="1463"/>
						<line hits="0" number="1464"/>
						<line branch="true" condition-coverage="0% (0/2)" hits="0" number="1465"/>
						<line hits="0" number="1466"/>
						<line branch="true" condition-coverage="0% (0/2)" hits="0" number="1469"/>
						<line hits="0" number="1470"/>
						<line hits="0" number="1471"/>
						<line hits="0" number="1472"/>
						<line branch="true" condition-coverage="0% (0/2)" hits="0" number="1473"/>
						<line branch="true" condition-coverage="0% (0/2)" hits="0" number="1474"/>
						<line hits="0" number="1475"/>
						<line hits="0" number="1476"/>
						<line hits="0" number="1477"/>
						<line hits="0" number="1478"/>
						<line hits="0" number="1479"/>
						<line hits="0" number="1480"/>
						<line hits="0" number="1481"/>
						<line hits="0" number="1482"/>
						<line hits="0" number="1484"/>
						<line branch="true" condition-coverage="0% (0/2)" hits="0" number="1485"/>
						<line hits="0" number="1486"/>
						<line hits="0" number="1487"/>
						<line hits="0" number="1488"/>
						<line hits="0" number="1489"/>
						<line hits="0" number="1490"/>
						<line hits="0" number="1491"/>
						<line hits="1" number="1493"/>
						<line hits="0" number="1497"/>
						<line hits="0" number="1498"/>
						<line hits="0" number="1499"/>
						<line hits="0" number="1500"/>
						<line hits="0" number="1501"/>
						<line hits="0" number="1502"/>
						<line hits="0" number="1503"/>
						<line hits="0" number="1504"/>
						<line branch="true" condition-coverage="0% (0/2)" hits="0" number="1505"/>
						<line hits="0" number="1506"/>
						<line hits="0" number="1507"/>
						<line hits="1" number="1509"/>
						<line hits="0" number="1516"/>
						<line hits="0" number="1517"/>
						<line hits="0" number="1518"/>
						<line hits="0" number="1519"/>
						<line hits="0" number="1520"/>
						<line hits="0" number="1521"/>
						<line hits="0" number="1522"/>
						<line branch="true" condition-coverage="0% (0/2)" hits="0" number="1524"/>
						<line hits="0" number="1525"/>
						<line hits="0" number="1526"/>
						<line hits="0" number="1527"/>
						<line hits="0" number="1528"/>
						<line hits="0" number="1529"/>
						<line branch="true" condition-coverage="0% (0/2)" hits="0" number="1530"/>
						<line hits="0" number="1531"/>
						<line hits="0" number="1533"/>
						<line hits="0" number="1534"/>
						<line hits="1" number="1536"/>
						<line hits="0" number="1544"/>
						<line hits="0" number="1546"/>
						<line hits="0" number="1547"/>
						<line hits="0" number="1548"/>
						<line hits="0" number="1549"/>
						<line hits="0" number="1550"/>
						<line branch="true" condition-coverage="0% (0/2)" hits="0" number="1551"/>
						<line hits="0" number="1552"/>
						<line hits="0" number="1553"/>
						<line branch="true" condition-coverage="0% (0/2)" hits="0" number="1555"/>
						<line hits="0" number="1556"/>
						<line hits="0" number="1557"/>
						<line hits="0" number="1558"/>
						<line branch="true" condition-coverage="0% (0/2)" hits="0" number="1559"/>
						<line hits="0" number="1560"/>
						<line hits="0" number="1562"/>
						<line branch="true" condition-coverage="0% (0/2)" hits="0" number="1563"/>
						<line hits="0" number="1564"/>
						<line hits="0" number="1565"/>
						<line hits="0" number="1567"/>
						<line hits="0" number="1568"/>
						<line hits="0" number="1569"/>
						<line hits="0" number="1570"/>
						<line hits="0" number="1572"/>
						<line hits="0" number="1573"/>
						<line hits="0" number="1576"/>
						<line hits="0" number="1577"/>
						<line branch="true" condition-coverage="0% (0/2)" hits="0" number="1578"/>
						<line hits="0" number="1580"/>
						<line hits="0" number="1581"/>
						<line hits="0" number="1582"/>
						<line hits="0" number="1583"/>
						<line hits="0" number="1584"/>
						<line hits="0" number="1585"/>
						<line hits="0" number="1587"/>
						<line hits="0" number="1588"/>
						<line hits="0" number="1589"/>
						<line branch="true" condition-coverage="0% (0/2)" hits="0" number="1591"/>
						<line hits="0" number="1592"/>
						<line hits="0" number="1593"/>
						<line hits="0" number="1594"/>
						<line hits="0" number="1595"/>
						<line hits="0" number="1596"/>
						<line hits="0" number="1597"/>
						<line hits="0" number="1598"/>
						<line hits="0" number="1599"/>
						<line hits="0" number="1601"/>
						<line hits="0" number="1602"/>
						<line hits="0" number="1603"/>
						<line hits="0" number="1604"/>
						<line hits="0" number="1605"/>
						<line branch="true" condition-coverage="0% (0/2)" hits="0" number="1606"/>
						<line hits="0" number="1607"/>
						<line hits="0" number="1608"/>
						<line branch="true" condition-coverage="0% (0/2)" hits="0" number="1609"/>
						<line hits="0" number="1610"/>
						<line hits="0" number="1611"/>
						<line hits="0" number="1612"/>
						<line hits="0" number="1613"/>
						<line hits="0" number="1614"/>
						<line hits="0" number="1615"/>
						<line hits="0" number="1617"/>
						<line hits="0" number="1619"/>
						<line hits="0" number="1623"/>
						<line hits="0" number="1624"/>
						<line hits="0" number="1625"/>
						<line hits="0" number="1626"/>
						<line branch="true" condition-coverage="0% (0/2)" hits="0" number="1628"/>
						<line hits="0" number="1629"/>
						<line hits="0" number="1630"/>
						<line hits="0" number="1631"/>
						<line branch="true" condition-coverage="0% (0/2)" hits="0" number="1632"/>
						<line hits="0" number="1634"/>
						<line hits="0" number="1635"/>
						<line hits="0" number="1636"/>
						<line hits="0" number="1637"/>
						<line hits="0" number="1638"/>
						<line hits="0" number="1639"/>
						<line hits="0" number="1640"/>
						<line hits="0" number="1643"/>
						<line hits="0" number="1644"/>
						<line hits="0" number="1645"/>
						<line hits="0" number="1648"/>
					</lines>
				</class>
			</classes>
		</package>
		<package branch-rate="0.1175" complexity="0" line-rate="0.2325" name="pymicro.external">
			<classes>
				<class branch-rate="0.001044" complexity="0" filename="pymicro/external/CifFile_module.py" line-rate="0.09224" name="pymicro.external.CifFile_module">
					<methods/>
					<lines>
						<line hits="1" number="2"/>
						<line hits="1" number="3"/>
						<line hits="1" number="4"/>
						<line hits="1" number="5"/>
						<line hits="1" number="7"/>
						<line hits="1" number="8"/>
						<line hits="0" number="9"/>
						<line hits="0" number="10"/>
						<line hits="1" number="13"/>
						<line hits="1" number="14"/>
						<line hits="1" number="15"/>
						<line hits="0" number="16"/>
						<line hits="0" number="17"/>
						<line hits="0" number="18"/>
						<line branch="true" condition-coverage="50% (1/2)" hits="1" number="26"/>
						<line hits="0" number="27"/>
						<line hits="0" number="28"/>
						<line hits="1" number="30"/>
						<line hits="1" number="81"/>
						<line hits="1" number="82"/>
						<line hits="1" number="83"/>
						<line hits="1" number="84"/>
						<line hits="1" number="85"/>
						<line hits="1" number="86"/>
						<line hits="1" number="87"/>
						<line hits="1" number="88"/>
						<line hits="1" number="89"/>
						<line hits="1" number="91"/>
						<line hits="1" number="94"/>
						<line hits="0" number="95"/>
						<line branch="true" condition-coverage="0% (0/2)" hits="0" number="96"/>
						<line hits="0" number="97"/>
						<line hits="0" number="98"/>
						<line branch="true" condition-coverage="0% (0/2)" hits="0" number="99"/>
						<line hits="0" number="100"/>
						<line hits="0" number="101"/>
						<line hits="0" number="103"/>
						<line hits="0" number="104"/>
						<line hits="0" number="105"/>
						<line hits="0" number="106"/>
						<line hits="0" number="107"/>
						<line hits="0" number="108"/>
						<line branch="true" condition-coverage="0% (0/2)" hits="0" number="109"/>
						<line hits="0" number="110"/>
						<line hits="0" number="112"/>
						<line hits="0" number="114"/>
						<line branch="true" condition-coverage="0% (0/2)" hits="0" number="115"/>
						<line hits="0" number="116"/>
						<line hits="0" number="117"/>
						<line hits="1" number="118"/>
						<line hits="1" number="119"/>
						<line hits="1" number="121"/>
						<line hits="1" number="146"/>
						<line branch="true" condition-coverage="0% (0/2)" hits="0" number="163"/>
						<line hits="0" number="165"/>
						<line hits="0" number="166"/>
						<line hits="0" number="167"/>
						<line hits="0" number="168"/>
						<line hits="1" number="170"/>
						<line hits="0" number="172"/>
						<line hits="1" number="174"/>
						<line hits="0" number="175"/>
						<line branch="true" condition-coverage="0% (0/2)" hits="0" number="177"/>
						<line branch="true" condition-coverage="0% (0/2)" hits="0" number="178"/>
						<line hits="0" number="180"/>
						<line hits="1" number="182"/>
						<line hits="0" number="183"/>
						<line hits="0" number="184"/>
						<line hits="1" number="186"/>
						<line branch="true" condition-coverage="0% (0/2)" hits="0" number="189"/>
						<line hits="0" number="190"/>
						<line branch="true" condition-coverage="0% (0/2)" hits="0" number="192"/>
						<line hits="0" number="193"/>
						<line branch="true" condition-coverage="0% (0/2)" hits="0" number="194"/>
						<line hits="0" number="195"/>
						<line hits="0" number="196"/>
						<line hits="0" number="198"/>
						<line hits="0" number="199"/>
						<line hits="0" number="201"/>
						<line hits="1" number="203"/>
						<line hits="0" number="206"/>
						<line hits="1" number="208"/>
						<line hits="0" number="209"/>
						<line hits="1" number="212"/>
						<line hits="1" number="213"/>
						<line hits="1" number="214"/>
						<line hits="1" number="215"/>
						<line hits="1" number="216"/>
						<line hits="1" number="232"/>
						<line hits="1" number="233"/>
						<line hits="0" number="234"/>
						<line hits="1" number="235"/>
						<line hits="0" number="236"/>
						<line hits="1" number="238"/>
						<line hits="1" number="239"/>
						<line hits="0" number="240"/>
						<line hits="1" number="241"/>
						<line hits="0" number="242"/>
						<line hits="1" number="244"/>
						<line hits="1" number="245"/>
						<line hits="0" number="246"/>
						<line hits="0" number="247"/>
						<line hits="1" number="248"/>
						<line hits="0" number="249"/>
						<line hits="1" number="252"/>
						<line hits="1" number="256"/>
						<line hits="0" number="257"/>
						<line hits="0" number="258"/>
						<line hits="1" number="260"/>
						<line hits="0" number="261"/>
						<line branch="true" condition-coverage="0% (0/2)" hits="0" number="262"/>
						<line hits="0" number="263"/>
						<line hits="0" number="264"/>
						<line hits="0" number="265"/>
						<line hits="0" number="266"/>
						<line hits="0" number="267"/>
						<line branch="true" condition-coverage="0% (0/2)" hits="0" number="268"/>
						<line hits="0" number="269"/>
						<line hits="0" number="270"/>
						<line hits="1" number="272"/>
						<line hits="0" number="273"/>
						<line hits="0" number="274"/>
						<line hits="0" number="275"/>
						<line hits="0" number="276"/>
						<line hits="0" number="277"/>
						<line hits="1" number="279"/>
						<line hits="0" number="281"/>
						<line hits="1" number="283"/>
						<line hits="0" number="286"/>
						<line branch="true" condition-coverage="0% (0/2)" hits="0" number="287"/>
						<line hits="0" number="288"/>
						<line branch="true" condition-coverage="0% (0/2)" hits="0" number="289"/>
						<line hits="0" number="290"/>
						<line hits="0" number="291"/>
						<line hits="0" number="292"/>
						<line hits="0" number="293"/>
						<line hits="0" number="294"/>
						<line hits="0" number="295"/>
						<line hits="0" number="296"/>
						<line branch="true" condition-coverage="0% (0/2)" hits="0" number="297"/>
						<line hits="0" number="298"/>
						<line hits="0" number="299"/>
						<line hits="0" number="301"/>
						<line branch="true" condition-coverage="0% (0/2)" hits="0" number="302"/>
						<line hits="0" number="303"/>
						<line hits="0" number="304"/>
						<line hits="1" number="306"/>
						<line hits="1" number="326"/>
						<line hits="0" number="328"/>
						<line branch="true" condition-coverage="0% (0/2)" hits="0" number="329"/>
						<line hits="0" number="330"/>
						<line hits="0" number="331"/>
						<line hits="0" number="332"/>
						<line branch="true" condition-coverage="0% (0/2)" hits="0" number="333"/>
						<line hits="0" number="334"/>
						<line hits="0" number="335"/>
						<line hits="0" number="336"/>
						<line hits="0" number="337"/>
						<line hits="0" number="338"/>
						<line hits="0" number="339"/>
						<line hits="0" number="340"/>
						<line hits="0" number="341"/>
						<line hits="0" number="342"/>
						<line hits="0" number="343"/>
						<line hits="0" number="344"/>
						<line branch="true" condition-coverage="0% (0/2)" hits="0" number="346"/>
						<line hits="0" number="347"/>
						<line hits="0" number="348"/>
						<line branch="true" condition-coverage="0% (0/2)" hits="0" number="349"/>
						<line hits="0" number="350"/>
						<line branch="true" condition-coverage="0% (0/2)" hits="0" number="351"/>
						<line hits="0" number="352"/>
						<line branch="true" condition-coverage="0% (0/2)" hits="0" number="353"/>
						<line hits="0" number="354"/>
						<line branch="true" condition-coverage="0% (0/2)" hits="0" number="355"/>
						<line hits="0" number="356"/>
						<line hits="0" number="357"/>
						<line hits="0" number="358"/>
						<line hits="0" number="359"/>
						<line branch="true" condition-coverage="0% (0/2)" hits="0" number="360"/>
						<line hits="0" number="361"/>
						<line hits="0" number="362"/>
						<line hits="0" number="363"/>
						<line hits="0" number="365"/>
						<line hits="0" number="366"/>
						<line hits="0" number="367"/>
						<line hits="0" number="368"/>
						<line hits="1" number="370"/>
						<line branch="true" condition-coverage="0% (0/2)" hits="0" number="371"/>
						<line hits="0" number="372"/>
						<line hits="0" number="373"/>
						<line hits="0" number="374"/>
						<line hits="0" number="375"/>
						<line hits="0" number="376"/>
						<line hits="0" number="377"/>
						<line hits="0" number="378"/>
						<line hits="0" number="379"/>
						<line hits="0" number="380"/>
						<line hits="0" number="381"/>
						<line hits="0" number="382"/>
						<line hits="0" number="383"/>
						<line hits="0" number="384"/>
						<line hits="0" number="385"/>
						<line hits="0" number="386"/>
						<line hits="0" number="387"/>
						<line hits="0" number="388"/>
						<line hits="0" number="389"/>
						<line hits="0" number="390"/>
						<line hits="0" number="391"/>
						<line hits="0" number="392"/>
						<line hits="0" number="393"/>
						<line branch="true" condition-coverage="0% (0/2)" hits="0" number="394"/>
						<line hits="0" number="395"/>
						<line hits="0" number="397"/>
						<line hits="0" number="398"/>
						<line hits="0" number="399"/>
						<line branch="true" condition-coverage="0% (0/2)" hits="0" number="400"/>
						<line hits="0" number="401"/>
						<line hits="0" number="402"/>
						<line hits="0" number="403"/>
						<line hits="0" number="404"/>
						<line hits="0" number="405"/>
						<line hits="0" number="406"/>
						<line hits="0" number="407"/>
						<line hits="0" number="408"/>
						<line hits="0" number="410"/>
						<line hits="0" number="411"/>
						<line hits="0" number="412"/>
						<line hits="0" number="413"/>
						<line hits="0" number="414"/>
						<line hits="0" number="415"/>
						<line hits="0" number="416"/>
						<line hits="0" number="417"/>
						<line hits="0" number="418"/>
						<line hits="0" number="419"/>
						<line hits="0" number="420"/>
						<line hits="0" number="421"/>
						<line hits="0" number="422"/>
						<line hits="0" number="423"/>
						<line hits="0" number="424"/>
						<line hits="0" number="425"/>
						<line hits="0" number="426"/>
						<line hits="0" number="427"/>
						<line hits="0" number="428"/>
						<line hits="0" number="430"/>
						<line hits="1" number="432"/>
						<line hits="0" number="434"/>
						<line hits="0" number="437"/>
						<line hits="0" number="438"/>
						<line hits="0" number="439"/>
						<line branch="true" condition-coverage="0% (0/2)" hits="0" number="442"/>
						<line hits="0" number="443"/>
						<line branch="true" condition-coverage="0% (0/2)" hits="0" number="444"/>
						<line hits="0" number="445"/>
						<line branch="true" condition-coverage="0% (0/2)" hits="0" number="446"/>
						<line branch="true" condition-coverage="0% (0/2)" hits="0" number="447"/>
						<line hits="0" number="448"/>
						<line hits="0" number="449"/>
						<line hits="0" number="450"/>
						<line hits="0" number="451"/>
						<line hits="0" number="453"/>
						<line hits="0" number="454"/>
						<line branch="true" condition-coverage="0% (0/2)" hits="0" number="456"/>
						<line hits="0" number="457"/>
						<line branch="true" condition-coverage="0% (0/2)" hits="0" number="459"/>
						<line hits="0" number="461"/>
						<line hits="0" number="462"/>
						<line hits="0" number="464"/>
						<line hits="0" number="465"/>
						<line branch="true" condition-coverage="0% (0/2)" hits="0" number="467"/>
						<line hits="0" number="468"/>
						<line branch="true" condition-coverage="0% (0/2)" hits="0" number="469"/>
						<line hits="0" number="470"/>
						<line branch="true" condition-coverage="0% (0/2)" hits="0" number="471"/>
						<line hits="0" number="472"/>
						<line hits="0" number="474"/>
						<line branch="true" condition-coverage="0% (0/2)" hits="0" number="476"/>
						<line hits="0" number="477"/>
						<line hits="0" number="478"/>
						<line hits="0" number="479"/>
						<line hits="0" number="480"/>
						<line branch="true" condition-coverage="0% (0/2)" hits="0" number="484"/>
						<line hits="0" number="485"/>
						<line hits="0" number="486"/>
						<line hits="0" number="487"/>
						<line hits="0" number="488"/>
						<line hits="0" number="489"/>
						<line branch="true" condition-coverage="0% (0/2)" hits="0" number="492"/>
						<line branch="true" condition-coverage="0% (0/2)" hits="0" number="494"/>
						<line branch="true" condition-coverage="0% (0/2)" hits="0" number="495"/>
						<line hits="0" number="497"/>
						<line hits="0" number="498"/>
						<line hits="0" number="499"/>
						<line hits="0" number="500"/>
						<line hits="0" number="501"/>
						<line hits="0" number="502"/>
						<line hits="0" number="503"/>
						<line hits="0" number="504"/>
						<line hits="0" number="506"/>
						<line hits="1" number="512"/>
						<line hits="0" number="513"/>
						<line hits="0" number="514"/>
						<line hits="0" number="515"/>
						<line hits="0" number="517"/>
						<line branch="true" condition-coverage="0% (0/2)" hits="0" number="518"/>
						<line hits="0" number="519"/>
						<line hits="0" number="520"/>
						<line hits="0" number="521"/>
						<line hits="0" number="522"/>
						<line branch="true" condition-coverage="0% (0/2)" hits="0" number="528"/>
						<line hits="0" number="529"/>
						<line hits="0" number="530"/>
						<line hits="0" number="531"/>
						<line hits="0" number="532"/>
						<line hits="0" number="533"/>
						<line hits="0" number="534"/>
						<line hits="0" number="536"/>
						<line branch="true" condition-coverage="0% (0/2)" hits="0" number="537"/>
						<line hits="0" number="538"/>
						<line branch="true" condition-coverage="0% (0/2)" hits="0" number="539"/>
						<line hits="0" number="540"/>
						<line hits="1" number="542"/>
						<line hits="0" number="543"/>
						<line hits="0" number="544"/>
						<line branch="true" condition-coverage="0% (0/2)" hits="0" number="545"/>
						<line hits="0" number="546"/>
						<line branch="true" condition-coverage="0% (0/2)" hits="0" number="547"/>
						<line hits="0" number="548"/>
						<line branch="true" condition-coverage="0% (0/3)" hits="0" number="549"/>
						<line hits="0" number="551"/>
						<line branch="true" condition-coverage="0% (0/2)" hits="0" number="552"/>
						<line hits="0" number="553"/>
						<line branch="true" condition-coverage="0% (0/2)" hits="0" number="554"/>
						<line hits="0" number="555"/>
						<line hits="0" number="556"/>
						<line hits="0" number="557"/>
						<line hits="0" number="558"/>
						<line hits="0" number="559"/>
						<line hits="0" number="560"/>
						<line hits="0" number="561"/>
						<line hits="0" number="562"/>
						<line hits="0" number="563"/>
						<line hits="0" number="564"/>
						<line hits="1" number="568"/>
						<line branch="true" condition-coverage="0% (0/2)" hits="0" number="569"/>
						<line branch="true" condition-coverage="0% (0/2)" hits="0" number="571"/>
						<line branch="true" condition-coverage="0% (0/2)" hits="0" number="572"/>
						<line hits="0" number="574"/>
						<line hits="0" number="575"/>
						<line hits="0" number="576"/>
						<line hits="0" number="577"/>
						<line branch="true" condition-coverage="0% (0/2)" hits="0" number="581"/>
						<line branch="true" condition-coverage="0% (0/2)" hits="0" number="582"/>
						<line hits="0" number="583"/>
						<line hits="0" number="584"/>
						<line hits="0" number="585"/>
						<line branch="true" condition-coverage="0% (0/2)" hits="0" number="586"/>
						<line hits="0" number="587"/>
						<line hits="0" number="588"/>
						<line hits="0" number="589"/>
						<line hits="0" number="590"/>
						<line hits="0" number="591"/>
						<line hits="0" number="592"/>
						<line hits="0" number="593"/>
						<line hits="0" number="595"/>
						<line hits="0" number="598"/>
						<line branch="true" condition-coverage="0% (0/2)" hits="0" number="599"/>
						<line hits="0" number="600"/>
						<line hits="0" number="601"/>
						<line hits="0" number="602"/>
						<line hits="0" number="603"/>
						<line hits="0" number="605"/>
						<line hits="0" number="606"/>
						<line branch="true" condition-coverage="0% (0/2)" hits="0" number="608"/>
						<line hits="0" number="610"/>
						<line hits="0" number="611"/>
						<line branch="true" condition-coverage="0% (0/2)" hits="0" number="612"/>
						<line hits="0" number="615"/>
						<line hits="0" number="616"/>
						<line hits="0" number="617"/>
						<line hits="0" number="618"/>
						<line hits="0" number="619"/>
						<line hits="0" number="620"/>
						<line hits="0" number="621"/>
						<line hits="0" number="622"/>
						<line hits="0" number="626"/>
						<line hits="0" number="627"/>
						<line branch="true" condition-coverage="0% (0/2)" hits="0" number="628"/>
						<line hits="0" number="629"/>
						<line hits="0" number="630"/>
						<line hits="0" number="631"/>
						<line hits="0" number="632"/>
						<line hits="0" number="633"/>
						<line hits="0" number="634"/>
						<line hits="0" number="635"/>
						<line hits="0" number="641"/>
						<line hits="0" number="642"/>
						<line hits="0" number="643"/>
[...]
						<line hits="0" number="96"/>
						<line hits="0" number="102"/>
						<line hits="0" number="104"/>
						<line hits="0" number="117"/>
						<line hits="0" number="118"/>
						<line hits="0" number="120"/>
						<line branch="true" condition-coverage="0% (0/2)" hits="0" number="121"/>
						<line hits="0" number="122"/>
						<line hits="0" number="123"/>
						<line hits="0" number="124"/>
						<line hits="0" number="125"/>
						<line hits="0" number="126"/>
						<line hits="0" number="127"/>
						<line hits="0" number="128"/>
						<line hits="0" number="129"/>
						<line hits="0" number="131"/>
						<line hits="0" number="132"/>
						<line hits="0" number="133"/>
						<line hits="0" number="134"/>
						<line hits="0" number="136"/>
						<line hits="0" number="137"/>
						<line hits="0" number="143"/>
						<line branch="true" condition-coverage="0% (0/2)" hits="0" number="144"/>
						<line hits="0" number="145"/>
						<line hits="0" number="146"/>
						<line hits="0" number="147"/>
						<line hits="0" number="150"/>
						<line branch="true" condition-coverage="0% (0/2)" hits="0" number="151"/>
						<line hits="0" number="152"/>
						<line hits="0" number="153"/>
						<line hits="0" number="154"/>
						<line hits="1" number="157"/>
						<line hits="1" number="171"/>
						<line hits="1" number="172"/>
						<line hits="1" number="174"/>
						<line branch="true" condition-coverage="50% (1/2)" hits="1" number="175"/>
						<line branch="true" condition-coverage="50% (1/2)" hits="1" number="176"/>
						<line hits="1" number="178"/>
						<line hits="1" number="179"/>
						<line branch="true" condition-coverage="50% (1/2)" hits="1" number="180"/>
						<line hits="0" number="181"/>
						<line hits="1" number="182"/>
						<line hits="0" number="184"/>
						<line hits="1" number="185"/>
						<line branch="true" condition-coverage="50% (1/2)" hits="1" number="186"/>
						<line hits="0" number="187"/>
						<line hits="1" number="188"/>
						<line hits="1" number="189"/>
						<line hits="1" number="190"/>
						<line branch="true" condition-coverage="50% (1/2)" hits="1" number="191"/>
						<line hits="0" number="192"/>
						<line hits="1" number="193"/>
						<line hits="1" number="195"/>
						<line hits="1" number="196"/>
						<line hits="1" number="199"/>
						<line hits="0" number="220"/>
						<line hits="0" number="221"/>
						<line hits="0" number="223"/>
						<line hits="0" number="224"/>
						<line hits="0" number="225"/>
						<line hits="0" number="226"/>
						<line hits="0" number="227"/>
						<line hits="0" number="228"/>
						<line hits="0" number="230"/>
						<line branch="true" condition-coverage="0% (0/2)" hits="0" number="232"/>
						<line hits="0" number="233"/>
						<line hits="0" number="234"/>
						<line hits="0" number="235"/>
						<line hits="1" number="238"/>
						<line hits="0" number="267"/>
						<line hits="0" number="269"/>
						<line hits="0" number="270"/>
						<line hits="0" number="271"/>
						<line hits="0" number="272"/>
						<line branch="true" condition-coverage="0% (0/2)" hits="0" number="273"/>
						<line hits="0" number="274"/>
						<line branch="true" condition-coverage="0% (0/2)" hits="0" number="275"/>
						<line hits="0" number="276"/>
						<line hits="0" number="278"/>
						<line hits="0" number="279"/>
						<line hits="0" number="280"/>
						<line hits="0" number="281"/>
						<line hits="0" number="283"/>
						<line branch="true" condition-coverage="0% (0/2)" hits="0" number="285"/>
						<line hits="0" number="286"/>
						<line branch="true" condition-coverage="0% (0/2)" hits="0" number="287"/>
						<line branch="true" condition-coverage="0% (0/2)" hits="0" number="288"/>
						<line branch="true" condition-coverage="0% (0/2)" hits="0" number="289"/>
						<line hits="0" number="290"/>
						<line hits="0" number="291"/>
						<line hits="0" number="292"/>
						<line hits="0" number="294"/>
						<line hits="0" number="295"/>
						<line branch="true" condition-coverage="0% (0/2)" hits="0" number="296"/>
						<line branch="true" condition-coverage="0% (0/3)" hits="0" number="297"/>
						<line hits="0" number="299"/>
						<line hits="0" number="301"/>
						<line branch="true" condition-coverage="0% (0/3)" hits="0" number="302"/>
						<line hits="0" number="303"/>
						<line hits="0" number="304"/>
						<line branch="true" condition-coverage="0% (0/2)" hits="0" number="305"/>
						<line branch="true" condition-coverage="0% (0/2)" hits="0" number="306"/>
						<line hits="0" number="307"/>
						<line hits="0" number="308"/>
						<line hits="0" number="310"/>
						<line hits="0" number="311"/>
						<line branch="true" condition-coverage="0% (0/2)" hits="0" number="312"/>
						<line hits="0" number="313"/>
						<line hits="0" number="314"/>
						<line hits="0" number="315"/>
						<line hits="0" number="316"/>
						<line branch="true" condition-coverage="0% (0/2)" hits="0" number="318"/>
						<line hits="0" number="319"/>
						<line branch="true" condition-coverage="0% (0/2)" hits="0" number="320"/>
						<line hits="0" number="321"/>
						<line branch="true" condition-coverage="0% (0/2)" hits="0" number="322"/>
						<line hits="0" number="323"/>
						<line hits="0" number="324"/>
						<line hits="0" number="326"/>
						<line branch="true" condition-coverage="0% (0/2)" hits="0" number="327"/>
						<line hits="0" number="329"/>
						<line hits="0" number="331"/>
						<line hits="0" number="332"/>
						<line hits="0" number="333"/>
						<line hits="0" number="334"/>
						<line hits="0" number="335"/>
						<line hits="1" number="338"/>
						<line branch="true" condition-coverage="100% (2/2)" hits="1" number="352"/>
						<line hits="1" number="353"/>
						<line branch="true" condition-coverage="50% (1/2)" hits="1" number="354"/>
						<line hits="0" number="356"/>
						<line hits="0" number="357"/>
						<line hits="0" number="358"/>
						<line hits="0" number="359"/>
						<line hits="0" number="360"/>
						<line hits="0" number="361"/>
						<line hits="0" number="362"/>
						<line hits="1" number="364"/>
						<line hits="1" number="365"/>
						<line branch="true" condition-coverage="100% (2/2)" hits="1" number="366"/>
						<line hits="1" number="367"/>
						<line hits="1" number="368"/>
						<line hits="1" number="369"/>
						<line hits="1" number="373"/>
						<line hits="1" number="374"/>
						<line hits="1" number="376"/>
						<line hits="1" number="377"/>
						<line hits="1" number="378"/>
						<line hits="1" number="379"/>
						<line hits="1" number="382"/>
						<line hits="1" number="397"/>
						<line hits="1" number="398"/>
						<line hits="1" number="399"/>
						<line hits="1" number="400"/>
						<line branch="true" condition-coverage="50% (1/2)" hits="1" number="401"/>
						<line hits="0" number="402"/>
						<line hits="0" number="403"/>
						<line hits="1" number="404"/>
						<line hits="1" number="405"/>
						<line hits="1" number="406"/>
						<line hits="1" number="409"/>
						<line hits="1" number="410"/>
						<line hits="1" number="411"/>
						<line branch="true" condition-coverage="50% (1/2)" hits="1" number="412"/>
						<line hits="0" number="413"/>
						<line hits="1" number="415"/>
						<line hits="1" number="417"/>
						<line hits="1" number="418"/>
						<line hits="1" number="421"/>
						<line hits="1" number="423"/>
						<line branch="true" condition-coverage="100% (2/2)" hits="1" number="424"/>
						<line hits="1" number="425"/>
						<line hits="1" number="427"/>
						<line hits="1" number="429"/>
						<line hits="1" number="430"/>
						<line hits="1" number="433"/>
						<line branch="true" condition-coverage="100% (2/2)" hits="1" number="434"/>
						<line hits="1" number="435"/>
						<line branch="true" condition-coverage="100% (2/2)" hits="1" number="436"/>
						<line hits="1" number="437"/>
						<line branch="true" condition-coverage="100% (2/2)" hits="1" number="438"/>
						<line hits="1" number="439"/>
						<line branch="true" condition-coverage="50% (1/2)" hits="1" number="440"/>
						<line hits="1" number="441"/>
						<line hits="1" number="475"/>
						<line hits="1" number="478"/>
						<line hits="1" number="483"/>
						<line hits="1" number="484"/>
						<line branch="true" condition-coverage="100% (2/2)" hits="1" number="485"/>
						<line branch="true" condition-coverage="100% (2/2)" hits="1" number="487"/>
						<line hits="1" number="489"/>
						<line branch="true" condition-coverage="100% (2/2)" hits="1" number="490"/>
						<line hits="1" number="491"/>
						<line hits="1" number="492"/>
						<line hits="1" number="494"/>
						<line hits="1" number="495"/>
						<line hits="1" number="496"/>
						<line branch="true" condition-coverage="100% (2/2)" hits="1" number="497"/>
						<line hits="1" number="498"/>
						<line hits="1" number="500"/>
						<line hits="1" number="502"/>
						<line hits="1" number="504"/>
						<line hits="1" number="505"/>
						<line branch="true" condition-coverage="100% (2/2)" hits="1" number="507"/>
						<line branch="true" condition-coverage="100% (2/2)" hits="1" number="508"/>
						<line branch="true" condition-coverage="100% (2/2)" hits="1" number="509"/>
						<line hits="1" number="511"/>
						<line branch="true" condition-coverage="50% (1/2)" hits="1" number="515"/>
						<line hits="0" number="516"/>
						<line hits="1" number="517"/>
						<line branch="true" condition-coverage="100% (2/2)" hits="1" number="518"/>
						<line branch="true" condition-coverage="50% (1/2)" hits="1" number="519"/>
						<line hits="0" number="520"/>
						<line hits="0" number="521"/>
						<line hits="1" number="522"/>
						<line hits="1" number="524"/>
						<line hits="1" number="525"/>
						<line hits="1" number="526"/>
						<line hits="1" number="527"/>
						<line hits="1" number="528"/>
						<line hits="1" number="529"/>
						<line hits="1" number="530"/>
						<line hits="1" number="531"/>
						<line hits="1" number="532"/>
						<line hits="1" number="533"/>
						<line hits="1" number="534"/>
						<line hits="1" number="537"/>
						<line hits="1" number="539"/>
						<line hits="1" number="540"/>
						<line hits="1" number="542"/>
						<line hits="1" number="543"/>
						<line hits="1" number="545"/>
						<line hits="1" number="546"/>
						<line hits="1" number="548"/>
						<line hits="1" number="549"/>
						<line hits="1" number="551"/>
						<line hits="1" number="552"/>
						<line hits="1" number="555"/>
						<line hits="1" number="556"/>
						<line hits="1" number="557"/>
						<line hits="1" number="558"/>
						<line hits="1" number="559"/>
						<line hits="1" number="560"/>
						<line hits="1" number="561"/>
						<line hits="1" number="564"/>
						<line hits="1" number="575"/>
						<line hits="1" number="576"/>
						<line hits="1" number="577"/>
						<line hits="1" number="578"/>
						<line hits="1" number="579"/>
						<line branch="true" condition-coverage="100% (2/2)" hits="1" number="580"/>
						<line hits="1" number="581"/>
						<line branch="true" condition-coverage="50% (1/2)" hits="1" number="583"/>
						<line hits="1" number="584"/>
						<line hits="1" number="585"/>
						<line hits="1" number="587"/>
						<line branch="true" condition-coverage="50% (1/2)" hits="1" number="588"/>
						<line hits="0" number="589"/>
						<line branch="true" condition-coverage="100% (2/2)" hits="1" number="590"/>
						<line hits="1" number="591"/>
						<line hits="1" number="592"/>
						<line branch="true" condition-coverage="50% (1/2)" hits="1" number="593"/>
						<line hits="0" number="594"/>
						<line hits="0" number="595"/>
						<line hits="0" number="596"/>
						<line hits="1" number="597"/>
						<line branch="true" condition-coverage="100% (2/2)" hits="1" number="598"/>
						<line hits="1" number="599"/>
						<line hits="1" number="600"/>
						<line hits="1" number="601"/>
						<line branch="true" condition-coverage="50% (1/2)" hits="1" number="602"/>
						<line hits="0" number="603"/>
						<line hits="0" number="604"/>
						<line hits="1" number="605"/>
						<line hits="1" number="606"/>
						<line branch="true" condition-coverage="50% (1/2)" hits="1" number="607"/>
						<line hits="0" number="608"/>
						<line hits="0" number="609"/>
						<line hits="0" number="610"/>
						<line hits="0" number="611"/>
						<line hits="0" number="612"/>
						<line hits="1" number="613"/>
						<line branch="true" condition-coverage="100% (2/2)" hits="1" number="614"/>
						<line hits="1" number="615"/>
						<line branch="true" condition-coverage="50% (1/2)" hits="1" number="616"/>
						<line hits="0" number="617"/>
						<line hits="1" number="618"/>
						<line hits="1" number="619"/>
						<line hits="1" number="620"/>
						<line hits="1" number="621"/>
						<line hits="1" number="622"/>
						<line hits="1" number="625"/>
						<line hits="1" number="627"/>
						<line hits="1" number="628"/>
						<line branch="true" condition-coverage="100% (2/2)" hits="1" number="629"/>
						<line branch="true" condition-coverage="100% (2/2)" hits="1" number="630"/>
						<line hits="1" number="631"/>
						<line hits="1" number="632"/>
						<line hits="1" number="633"/>
						<line hits="1" number="635"/>
						<line branch="true" condition-coverage="100% (2/2)" hits="1" number="636"/>
						<line hits="1" number="637"/>
						<line hits="1" number="638"/>
						<line hits="1" number="640"/>
						<line hits="1" number="642"/>
						<line branch="true" condition-coverage="100% (2/2)" hits="1" number="643"/>
						<line branch="true" condition-coverage="100% (2/2)" hits="1" number="644"/>
						<line hits="1" number="645"/>
						<line hits="1" number="646"/>
						<line hits="1" number="647"/>
						<line hits="1" number="650"/>
						<line hits="1" number="651"/>
						<line branch="true" condition-coverage="100% (2/2)" hits="1" number="652"/>
						<line hits="1" number="653"/>
						<line hits="1" number="658"/>
						<line hits="1" number="659"/>
						<line hits="1" number="660"/>
						<line hits="1" number="663"/>
						<line branch="true" condition-coverage="100% (2/2)" hits="1" number="664"/>
						<line hits="1" number="666"/>
						<line branch="true" condition-coverage="100% (2/2)" hits="1" number="667"/>
						<line hits="1" number="668"/>
						<line hits="1" number="672"/>
						<line hits="1" number="673"/>
						<line hits="1" number="674"/>
						<line branch="true" condition-coverage="50% (1/2)" hits="1" number="675"/>
						<line hits="0" number="676"/>
						<line hits="1" number="678"/>
						<line branch="true" condition-coverage="100% (2/2)" hits="1" number="679"/>
						<line hits="1" number="680"/>
						<line hits="1" number="681"/>
						<line hits="1" number="682"/>
						<line hits="1" number="683"/>
						<line hits="1" number="684"/>
						<line branch="true" condition-coverage="50% (1/2)" hits="1" number="685"/>
						<line hits="0" number="686"/>
						<line hits="0" number="687"/>
						<line hits="1" number="688"/>
						<line hits="1" number="690"/>
						<line hits="0" number="702"/>
						<line branch="true" condition-coverage="0% (0/2)" hits="0" number="703"/>
						<line hits="0" number="704"/>
						<line hits="0" number="705"/>
						<line branch="true" condition-coverage="0% (0/2)" hits="0" number="706"/>
						<line hits="0" number="707"/>
						<line hits="0" number="708"/>
						<line hits="0" number="709"/>
						<line hits="0" number="710"/>
						<line branch="true" condition-coverage="0% (0/2)" hits="0" number="711"/>
						<line branch="true" condition-coverage="0% (0/2)" hits="0" number="712"/>
						<line branch="true" condition-coverage="0% (0/2)" hits="0" number="713"/>
						<line branch="true" condition-coverage="0% (0/2)" hits="0" number="714"/>
						<line hits="0" number="715"/>
						<line hits="0" number="716"/>
						<line hits="0" number="718"/>
						<line hits="0" number="719"/>
						<line branch="true" condition-coverage="0% (0/2)" hits="0" number="720"/>
						<line branch="true" condition-coverage="0% (0/2)" hits="0" number="721"/>
						<line hits="0" number="722"/>
						<line hits="0" number="723"/>
						<line hits="0" number="724"/>
						<line hits="0" number="725"/>
						<line hits="1" number="727"/>
						<line hits="0" number="738"/>
						<line hits="0" number="740"/>
						<line hits="0" number="742"/>
						<line hits="0" number="744"/>
						<line hits="1" number="746"/>
						<line hits="0" number="753"/>
						<line hits="0" number="754"/>
						<line hits="0" number="755"/>
						<line hits="0" number="756"/>
						<line hits="0" number="758"/>
					</lines>
				</class>
				<class branch-rate="0" complexity="0" filename="pymicro/xray/xray_utils.py" line-rate="0.2083" name="pymicro.xray.xray_utils">
					<methods/>
					<lines>
						<line hits="1" number="1"/>
						<line hits="1" number="2"/>
						<line hits="1" number="3"/>
						<line hits="1" number="4"/>
						<line hits="1" number="6"/>
						<line hits="1" number="27"/>
						<line hits="0" number="35"/>
						<line hits="0" number="36"/>
						<line hits="0" number="37"/>
						<line hits="0" number="38"/>
						<line hits="0" number="39"/>
						<line branch="true" condition-coverage="0% (0/2)" hits="0" number="41"/>
						<line hits="0" number="42"/>
						<line hits="0" number="43"/>
						<line hits="0" number="44"/>
						<line hits="0" number="46"/>
						<line hits="0" number="47"/>
						<line hits="0" number="48"/>
						<line hits="0" number="49"/>
						<line hits="0" number="50"/>
						<line hits="0" number="51"/>
						<line branch="true" condition-coverage="0% (0/2)" hits="0" number="52"/>
						<line hits="0" number="53"/>
						<line hits="0" number="54"/>
						<line hits="1" number="57"/>
						<line hits="1" number="63"/>
						<line hits="1" number="66"/>
						<line hits="0" number="72"/>
						<line hits="1" number="75"/>
						<line hits="1" number="81"/>
						<line hits="1" number="84"/>
						<line hits="0" number="90"/>
						<line hits="1" number="93"/>
						<line hits="0" number="115"/>
						<line hits="0" number="116"/>
						<line hits="0" number="117"/>
						<line hits="0" number="118"/>
						<line hits="0" number="119"/>
						<line hits="0" number="120"/>
						<line branch="true" condition-coverage="0% (0/2)" hits="0" number="122"/>
						<line hits="0" number="123"/>
						<line hits="0" number="124"/>
						<line hits="0" number="125"/>
						<line branch="true" condition-coverage="0% (0/2)" hits="0" number="126"/>
						<line hits="0" number="128"/>
						<line hits="0" number="129"/>
						<line branch="true" condition-coverage="0% (0/2)" hits="0" number="131"/>
						<line hits="0" number="132"/>
						<line branch="true" condition-coverage="0% (0/2)" hits="0" number="133"/>
						<line hits="0" number="134"/>
						<line hits="0" number="135"/>
						<line hits="0" number="137"/>
						<line hits="0" number="138"/>
						<line hits="0" number="139"/>
						<line hits="0" number="140"/>
						<line hits="0" number="141"/>
						<line branch="true" condition-coverage="0% (0/2)" hits="0" number="142"/>
						<line hits="0" number="143"/>
						<line hits="0" number="145"/>
						<line hits="1" number="147"/>
						<line hits="0" number="154"/>
						<line hits="0" number="155"/>
						<line hits="1" number="157"/>
						<line hits="0" number="168"/>
						<line branch="true" condition-coverage="0% (0/2)" hits="0" number="169"/>
						<line hits="0" number="170"/>
						<line hits="0" number="171"/>
						<line hits="0" number="172"/>
						<line branch="true" condition-coverage="0% (0/2)" hits="0" number="173"/>
						<line hits="0" number="174"/>
						<line hits="0" number="175"/>
						<line hits="0" number="176"/>
					</lines>
				</class>
			</classes>
		</package>
	</packages>
</coverage>
